#
# There is insufficient memory for the Java Runtime Environment to continue.
# Native memory allocation (malloc) failed to allocate 2120640 bytes. Error detail: Chunk::new
# Possible reasons:
#   The system is out of physical RAM or swap space
#   This process is running with CompressedOops enabled, and the Java Heap may be blocking the growth of the native heap
# Possible solutions:
#   Reduce memory load on the system
#   Increase physical memory or swap space
#   Check if swap backing store is full
#   Decrease Java heap size (-Xmx/-Xms)
#   Decrease number of Java threads
#   Decrease Java thread stack sizes (-Xss)
#   Set larger code cache with -XX:ReservedCodeCacheSize=
#   JVM is running with Zero Based Compressed Oops mode in which the Java heap is
#     placed in the first 32GB address space. The Java Heap base address is the
#     maximum limit for the native heap growth. Please use -XX:HeapBaseMinAddress
#     to set the Java Heap base and to place the Java Heap above 32GB virtual address.
# This output file may be truncated or incomplete.
#
#  Out of Memory Error (arena.cpp:168), pid=392, tid=17604
#
# JRE version: OpenJDK Runtime Environment (21.0.8) (build 21.0.8+-14196175-b1038.72)
# Java VM: OpenJDK 64-Bit Server VM (21.0.8+-14196175-b1038.72, mixed mode, tiered, compressed oops, compressed class ptrs, g1 gc, windows-amd64)
# No core dump will be written. Minidumps are not enabled by default on client versions of Windows
#

---------------  S U M M A R Y ------------

Command Line: org.jetbrains.kotlin.cli.jvm.K2JVMCompiler @D:\dafi\fida-new\fida-to-tranferv2\app\build\20260512_14173179132024759425.compiler.options

Host: Intel(R) Core(TM) i7-10750H CPU @ 2.60GHz, 12 cores, 15G,  Windows 11 , 64 bit Build 26100 (10.0.26100.8246)
Time: Tue May 12 23:28:16 2026 SE Asia Standard Time elapsed time: 33.161611 seconds (0d 0h 0m 33s)

---------------  T H R E A D  ---------------

Current thread (0x0000026f3d903300):  JavaThread "C2 CompilerThread2" daemon [_thread_in_native, id=17604, stack(0x000000ce76900000,0x000000ce76a00000) (1024K)]


Current CompileTask:
C2:33162 11072       4       org.jetbrains.kotlin.fir.resolve.SupertypeUtilsKt::collectSuperTypes (578 bytes)

Stack: [0x000000ce76900000,0x000000ce76a00000]
Native frames: (J=compiled Java code, j=interpreted, Vv=VM code, C=native code)
V  [jvm.dll+0x6d68d9]
V  [jvm.dll+0x866693]
V  [jvm.dll+0x868c4e]
V  [jvm.dll+0x869333]
V  [jvm.dll+0x280566]
V  [jvm.dll+0xc07cd]
V  [jvm.dll+0xc0d03]
V  [jvm.dll+0x3b961b]
V  [jvm.dll+0x385507]
V  [jvm.dll+0x38497a]
V  [jvm.dll+0x249252]
V  [jvm.dll+0x248821]
V  [jvm.dll+0x1c73a4]
V  [jvm.dll+0x257f9e]
V  [jvm.dll+0x2564e6]
V  [jvm.dll+0x3f4696]
V  [jvm.dll+0x80eac8]
V  [jvm.dll+0x6d512d]
C  [ucrtbase.dll+0x37b0]
C  [KERNEL32.DLL+0x2e8d7]
C  [ntdll.dll+0x8c3fc]


---------------  P R O C E S S  ---------------

Threads class SMR info:
_java_thread_list=0x0000026f422d9960, length=13, elements={
0x0000026f21054ce0, 0x0000026f3d842430, 0x0000026f3d81abe0, 0x0000026f3d81c630,
0x0000026f3d86c220, 0x0000026f3d86cc80, 0x0000026f3d8704b0, 0x0000026f3d870b20,
0x0000026f3d8718b0, 0x0000026f3d85e3c0, 0x0000026f3da19160, 0x0000026f455c4a80,
0x0000026f3d903300
}

Java Threads: ( => current thread )
  0x0000026f21054ce0 JavaThread "main"                              [_thread_in_Java, id=21188, stack(0x000000ce74b00000,0x000000ce74c00000) (1024K)]
  0x0000026f3d842430 JavaThread "Common-Cleaner"             daemon [_thread_blocked, id=25256, stack(0x000000ce75300000,0x000000ce75400000) (1024K)]
  0x0000026f3d81abe0 JavaThread "Reference Handler"          daemon [_thread_blocked, id=10016, stack(0x000000ce75400000,0x000000ce75500000) (1024K)]
  0x0000026f3d81c630 JavaThread "Finalizer"                  daemon [_thread_blocked, id=12496, stack(0x000000ce75500000,0x000000ce75600000) (1024K)]
  0x0000026f3d86c220 JavaThread "Signal Dispatcher"          daemon [_thread_blocked, id=20540, stack(0x000000ce75600000,0x000000ce75700000) (1024K)]
  0x0000026f3d86cc80 JavaThread "Attach Listener"            daemon [_thread_blocked, id=23072, stack(0x000000ce75700000,0x000000ce75800000) (1024K)]
  0x0000026f3d8704b0 JavaThread "Service Thread"             daemon [_thread_blocked, id=4760, stack(0x000000ce75800000,0x000000ce75900000) (1024K)]
  0x0000026f3d870b20 JavaThread "Monitor Deflation Thread"   daemon [_thread_blocked, id=12000, stack(0x000000ce75900000,0x000000ce75a00000) (1024K)]
  0x0000026f3d8718b0 JavaThread "C2 CompilerThread0"         daemon [_thread_in_native, id=440, stack(0x000000ce75a00000,0x000000ce75b00000) (1024K)]
  0x0000026f3d85e3c0 JavaThread "C1 CompilerThread0"         daemon [_thread_in_native, id=8184, stack(0x000000ce75b00000,0x000000ce75c00000) (1024K)]
  0x0000026f3da19160 JavaThread "Notification Thread"        daemon [_thread_blocked, id=25672, stack(0x000000ce75c00000,0x000000ce75d00000) (1024K)]
  0x0000026f455c4a80 JavaThread "C2 CompilerThread1"         daemon [_thread_in_native, id=27808, stack(0x000000ce76700000,0x000000ce76800000) (1024K)]
=>0x0000026f3d903300 JavaThread "C2 CompilerThread2"         daemon [_thread_in_native, id=17604, stack(0x000000ce76900000,0x000000ce76a00000) (1024K)]
Total: 13

Other Threads:
  0x0000026f3d67eb30 VMThread "VM Thread"                           [id=25956, stack(0x000000ce75200000,0x000000ce75300000) (1024K)]
  0x0000026f3d638e10 WatcherThread "VM Periodic Task Thread"        [id=27880, stack(0x000000ce75100000,0x000000ce75200000) (1024K)]
  0x0000026f234a1e30 WorkerThread "GC Thread#0"                     [id=15056, stack(0x000000ce74c00000,0x000000ce74d00000) (1024K)]
  0x0000026f425da6d0 WorkerThread "GC Thread#1"                     [id=28500, stack(0x000000ce75d00000,0x000000ce75e00000) (1024K)]
  0x0000026f425daa70 WorkerThread "GC Thread#2"                     [id=2804, stack(0x000000ce75e00000,0x000000ce75f00000) (1024K)]
  0x0000026f425d7a20 WorkerThread "GC Thread#3"                     [id=23016, stack(0x000000ce75f00000,0x000000ce76000000) (1024K)]
  0x0000026f425d7dc0 WorkerThread "GC Thread#4"                     [id=24976, stack(0x000000ce76000000,0x000000ce76100000) (1024K)]
  0x0000026f425d8160 WorkerThread "GC Thread#5"                     [id=14332, stack(0x000000ce76100000,0x000000ce76200000) (1024K)]
  0x0000026f426d12f0 WorkerThread "GC Thread#6"                     [id=19940, stack(0x000000ce76200000,0x000000ce76300000) (1024K)]
  0x0000026f426d00d0 WorkerThread "GC Thread#7"                     [id=27220, stack(0x000000ce76300000,0x000000ce76400000) (1024K)]
  0x0000026f42ce7c90 WorkerThread "GC Thread#8"                     [id=8148, stack(0x000000ce76800000,0x000000ce76900000) (1024K)]
  0x0000026f42ce83d0 WorkerThread "GC Thread#9"                     [id=12832, stack(0x000000ce76600000,0x000000ce76700000) (1024K)]
  0x0000026f234b2b50 ConcurrentGCThread "G1 Main Marker"            [id=11284, stack(0x000000ce74d00000,0x000000ce74e00000) (1024K)]
  0x0000026f234b3650 WorkerThread "G1 Conc#0"                       [id=8940, stack(0x000000ce74e00000,0x000000ce74f00000) (1024K)]
  0x0000026f426d1690 WorkerThread "G1 Conc#1"                       [id=21040, stack(0x000000ce76400000,0x000000ce76500000) (1024K)]
  0x0000026f426d0f50 WorkerThread "G1 Conc#2"                       [id=16428, stack(0x000000ce76500000,0x000000ce76600000) (1024K)]
  0x0000026f3d50b550 ConcurrentGCThread "G1 Refine#0"               [id=17096, stack(0x000000ce74f00000,0x000000ce75000000) (1024K)]
  0x0000026f3d50bf60 ConcurrentGCThread "G1 Service"                [id=16688, stack(0x000000ce75000000,0x000000ce75100000) (1024K)]
Total: 18

Threads with active compile tasks:
C2 CompilerThread0  33216 11054       4       org.jetbrains.kotlin.types.AbstractTypeChecker::isSubtypeOfForSingleClassifierType (1053 bytes)
C2 CompilerThread1  33216 11153       4       org.jetbrains.kotlin.fir.types.ConeTypeContext::isNothingConstructor (38 bytes)
C2 CompilerThread2  33217 11072       4       org.jetbrains.kotlin.fir.resolve.SupertypeUtilsKt::collectSuperTypes (578 bytes)
Total: 3

VM state: not at safepoint (normal execution)

VM Mutex/Monitor currently owned by a thread: None

Heap address: 0x0000000702c00000, size: 4052 MB, Compressed Oops mode: Zero based, Oop shift amount: 3

CDS archive(s) not mapped
Compressed class space mapped at: 0x0000000800000000-0x0000000840000000, reserved size: 1073741824
Narrow klass base: 0x0000000800000000, Narrow klass shift: 0, Narrow klass range: 0x40000000

GC Precious Log:
 CardTable entry size: 512
 Card Set container configuration: InlinePtr #cards 4 size 8 Array Of Cards #cards 16 size 48 Howl #buckets 8 coarsen threshold 3686 Howl Bitmap #cards 512 size 80 coarsen threshold 460 Card regions per heap region 1 cards per card region 4096
 CPUs: 12 total, 12 available
 Memory: 16200M
 Large Page Support: Disabled
 NUMA Support: Disabled
 Compressed Oops: Enabled (Zero based)
 Heap Region Size: 2M
 Heap Min Capacity: 8M
 Heap Initial Capacity: 254M
 Heap Max Capacity: 4052M
 Pre-touch: Disabled
 Parallel Workers: 10
 Concurrent Workers: 3
 Concurrent Refinement Workers: 10
 Periodic GC: Disabled

Heap:
 garbage-first heap   total 172032K, used 104574K [0x0000000702c00000, 0x0000000800000000)
  region size 2048K, 5 young (10240K), 2 survivors (4096K)
 Metaspace       used 68167K, committed 68416K, reserved 1114112K
  class space    used 7757K, committed 7872K, reserved 1048576K

Heap Regions: E=young(eden), S=young(survivor), O=old, HS=humongous(starts), HC=humongous(continues), CS=collection set, F=free, TAMS=top-at-mark-start, PB=parsable bottom
|   0|0x0000000702c00000, 0x0000000702e00000, 0x0000000702e00000|100%|HS|  |TAMS 0x0000000702e00000| PB 0x0000000702c00000| Complete 
|   1|0x0000000702e00000, 0x0000000703000000, 0x0000000703000000|100%|HC|  |TAMS 0x0000000703000000| PB 0x0000000702e00000| Complete 
|   2|0x0000000703000000, 0x0000000703200000, 0x0000000703200000|100%| O|  |TAMS 0x0000000703200000| PB 0x0000000703000000| Untracked 
|   3|0x0000000703200000, 0x0000000703400000, 0x0000000703400000|100%| O|  |TAMS 0x0000000703400000| PB 0x0000000703200000| Untracked 
|   4|0x0000000703400000, 0x0000000703600000, 0x0000000703600000|100%| O|  |TAMS 0x0000000703600000| PB 0x0000000703400000| Untracked 
|   5|0x0000000703600000, 0x0000000703800000, 0x0000000703800000|100%| O|  |TAMS 0x0000000703800000| PB 0x0000000703600000| Untracked 
|   6|0x0000000703800000, 0x0000000703a00000, 0x0000000703a00000|100%| O|  |TAMS 0x0000000703a00000| PB 0x0000000703800000| Untracked 
|   7|0x0000000703a00000, 0x0000000703c00000, 0x0000000703c00000|100%| O|  |TAMS 0x0000000703c00000| PB 0x0000000703a00000| Untracked 
|   8|0x0000000703c00000, 0x0000000703e00000, 0x0000000703e00000|100%| O|  |TAMS 0x0000000703e00000| PB 0x0000000703c00000| Updating 
|   9|0x0000000703e00000, 0x0000000704000000, 0x0000000704000000|100%| O|  |TAMS 0x0000000704000000| PB 0x0000000703e00000| Untracked 
|  10|0x0000000704000000, 0x0000000704200000, 0x0000000704200000|100%| O|  |TAMS 0x0000000704200000| PB 0x0000000704000000| Untracked 
|  11|0x0000000704200000, 0x0000000704400000, 0x0000000704400000|100%| O|  |TAMS 0x0000000704400000| PB 0x0000000704200000| Untracked 
|  12|0x0000000704400000, 0x0000000704600000, 0x0000000704600000|100%| O|  |TAMS 0x0000000704600000| PB 0x0000000704400000| Untracked 
|  13|0x0000000704600000, 0x0000000704800000, 0x0000000704800000|100%| O|  |TAMS 0x0000000704800000| PB 0x0000000704600000| Untracked 
|  14|0x0000000704800000, 0x0000000704a00000, 0x0000000704a00000|100%| O|  |TAMS 0x0000000704a00000| PB 0x0000000704800000| Untracked 
|  15|0x0000000704a00000, 0x0000000704c00000, 0x0000000704c00000|100%| O|  |TAMS 0x0000000704c00000| PB 0x0000000704a00000| Updating 
|  16|0x0000000704c00000, 0x0000000704e00000, 0x0000000704e00000|100%| O|  |TAMS 0x0000000704e00000| PB 0x0000000704c00000| Untracked 
|  17|0x0000000704e00000, 0x0000000705000000, 0x0000000705000000|100%| O|  |TAMS 0x0000000705000000| PB 0x0000000704e00000| Untracked 
|  18|0x0000000705000000, 0x0000000705200000, 0x0000000705200000|100%| O|  |TAMS 0x0000000705200000| PB 0x0000000705000000| Untracked 
|  19|0x0000000705200000, 0x0000000705400000, 0x0000000705400000|100%| O|  |TAMS 0x0000000705400000| PB 0x0000000705200000| Untracked 
|  20|0x0000000705400000, 0x0000000705600000, 0x0000000705600000|100%| O|  |TAMS 0x0000000705600000| PB 0x0000000705400000| Untracked 
|  21|0x0000000705600000, 0x0000000705800000, 0x0000000705800000|100%| O|  |TAMS 0x0000000705800000| PB 0x0000000705600000| Updating 
|  22|0x0000000705800000, 0x0000000705a00000, 0x0000000705a00000|100%| O|  |TAMS 0x0000000705a00000| PB 0x0000000705800000| Updating 
|  23|0x0000000705a00000, 0x0000000705c00000, 0x0000000705c00000|100%| O|  |TAMS 0x0000000705c00000| PB 0x0000000705c00000| Untracked 
|  24|0x0000000705c00000, 0x0000000705e00000, 0x0000000705e00000|100%| O|  |TAMS 0x0000000705c00000| PB 0x0000000705c00000| Untracked 
|  25|0x0000000705e00000, 0x0000000706000000, 0x0000000706000000|100%| O|  |TAMS 0x0000000705e00000| PB 0x0000000705e00000| Untracked 
|  26|0x0000000706000000, 0x0000000706200000, 0x0000000706200000|100%| O|  |TAMS 0x0000000706200000| PB 0x0000000706200000| Untracked 
|  27|0x0000000706200000, 0x0000000706400000, 0x0000000706400000|100%| O|  |TAMS 0x0000000706400000| PB 0x0000000706400000| Untracked 
|  28|0x0000000706400000, 0x0000000706600000, 0x0000000706600000|100%| O|  |TAMS 0x0000000706600000| PB 0x0000000706600000| Untracked 
|  29|0x0000000706600000, 0x0000000706800000, 0x0000000706800000|100%| O|  |TAMS 0x0000000706800000| PB 0x0000000706800000| Untracked 
|  30|0x0000000706800000, 0x0000000706a00000, 0x0000000706a00000|100%| O|  |TAMS 0x0000000706a00000| PB 0x0000000706a00000| Untracked 
|  31|0x0000000706a00000, 0x0000000706c00000, 0x0000000706c00000|100%| O|  |TAMS 0x0000000706c00000| PB 0x0000000706c00000| Updating 
|  32|0x0000000706c00000, 0x0000000706e00000, 0x0000000706e00000|100%| O|  |TAMS 0x0000000706e00000| PB 0x0000000706e00000| Updating 
|  33|0x0000000706e00000, 0x0000000707000000, 0x0000000707000000|100%| O|  |TAMS 0x0000000707000000| PB 0x0000000707000000| Untracked 
|  34|0x0000000707000000, 0x0000000707200000, 0x0000000707200000|100%| O|  |TAMS 0x0000000707200000| PB 0x0000000707200000| Untracked 
|  35|0x0000000707200000, 0x0000000707400000, 0x0000000707400000|100%| O|  |TAMS 0x0000000707400000| PB 0x0000000707400000| Untracked 
|  36|0x0000000707400000, 0x0000000707600000, 0x0000000707600000|100%| O|  |TAMS 0x0000000707600000| PB 0x0000000707600000| Untracked 
|  37|0x0000000707600000, 0x0000000707800000, 0x0000000707800000|100%| O|  |TAMS 0x0000000707800000| PB 0x0000000707800000| Untracked 
|  38|0x0000000707800000, 0x0000000707a00000, 0x0000000707a00000|100%| O|  |TAMS 0x0000000707a00000| PB 0x0000000707a00000| Updating 
|  39|0x0000000707a00000, 0x0000000707c00000, 0x0000000707c00000|100%| O|  |TAMS 0x0000000707c00000| PB 0x0000000707c00000| Updating 
|  40|0x0000000707c00000, 0x0000000707e00000, 0x0000000707e00000|100%| O|  |TAMS 0x0000000707e00000| PB 0x0000000707e00000| Untracked 
|  41|0x0000000707e00000, 0x0000000708000000, 0x0000000708000000|100%| O|  |TAMS 0x0000000708000000| PB 0x0000000708000000| Untracked 
|  42|0x0000000708000000, 0x0000000708200000, 0x0000000708200000|100%| O|  |TAMS 0x0000000708200000| PB 0x0000000708000000| Updating 
|  43|0x0000000708200000, 0x0000000708400000, 0x0000000708400000|100%| O|  |TAMS 0x0000000708400000| PB 0x0000000708200000| Untracked 
|  44|0x0000000708400000, 0x0000000708600000, 0x0000000708600000|100%| O|  |TAMS 0x0000000708600000| PB 0x0000000708400000| Untracked 
|  45|0x0000000708600000, 0x0000000708800000, 0x0000000708800000|100%| O|  |TAMS 0x0000000708800000| PB 0x0000000708600000| Untracked 
|  46|0x0000000708800000, 0x0000000708a00000, 0x0000000708a00000|100%| O|  |TAMS 0x00000007089ed758| PB 0x0000000708800000| Updating 
|  47|0x0000000708a00000, 0x0000000708ae8690, 0x0000000708c00000| 45%| O|  |TAMS 0x0000000708a00000| PB 0x0000000708a00000| Updating 
|  48|0x0000000708c00000, 0x0000000708c00000, 0x0000000708e00000|  0%| F|  |TAMS 0x0000000708c00000| PB 0x0000000708c00000| Untracked 
|  49|0x0000000708e00000, 0x0000000708e00000, 0x0000000709000000|  0%| F|  |TAMS 0x0000000708e00000| PB 0x0000000708e00000| Untracked 
|  50|0x0000000709000000, 0x0000000709000000, 0x0000000709200000|  0%| F|  |TAMS 0x0000000709000000| PB 0x0000000709000000| Untracked 
|  51|0x0000000709200000, 0x0000000709200000, 0x0000000709400000|  0%| F|  |TAMS 0x0000000709200000| PB 0x0000000709200000| Untracked 
|  52|0x0000000709400000, 0x0000000709400000, 0x0000000709600000|  0%| F|  |TAMS 0x0000000709400000| PB 0x0000000709400000| Untracked 
|  53|0x0000000709600000, 0x0000000709600000, 0x0000000709800000|  0%| F|  |TAMS 0x0000000709600000| PB 0x0000000709600000| Untracked 
|  54|0x0000000709800000, 0x0000000709800000, 0x0000000709a00000|  0%| F|  |TAMS 0x0000000709800000| PB 0x0000000709800000| Untracked 
|  55|0x0000000709a00000, 0x0000000709b37360, 0x0000000709c00000| 60%| S|CS|TAMS 0x0000000709a00000| PB 0x0000000709a00000| Complete 
|  56|0x0000000709c00000, 0x0000000709e00000, 0x0000000709e00000|100%| S|CS|TAMS 0x0000000709c00000| PB 0x0000000709c00000| Complete 
|  57|0x0000000709e00000, 0x0000000709e00000, 0x000000070a000000|  0%| F|  |TAMS 0x0000000709e00000| PB 0x0000000709e00000| Untracked 
|  58|0x000000070a000000, 0x000000070a000000, 0x000000070a200000|  0%| F|  |TAMS 0x000000070a000000| PB 0x000000070a000000| Untracked 
|  59|0x000000070a200000, 0x000000070a200000, 0x000000070a400000|  0%| F|  |TAMS 0x000000070a200000| PB 0x000000070a200000| Untracked 
|  60|0x000000070a400000, 0x000000070a400000, 0x000000070a600000|  0%| F|  |TAMS 0x000000070a400000| PB 0x000000070a400000| Untracked 
|  61|0x000000070a600000, 0x000000070a600000, 0x000000070a800000|  0%| F|  |TAMS 0x000000070a600000| PB 0x000000070a600000| Untracked 
|  62|0x000000070a800000, 0x000000070a800000, 0x000000070aa00000|  0%| F|  |TAMS 0x000000070a800000| PB 0x000000070a800000| Untracked 
|  63|0x000000070aa00000, 0x000000070aa00000, 0x000000070ac00000|  0%| F|  |TAMS 0x000000070aa00000| PB 0x000000070aa00000| Untracked 
|  64|0x000000070ac00000, 0x000000070ac00000, 0x000000070ae00000|  0%| F|  |TAMS 0x000000070ac00000| PB 0x000000070ac00000| Untracked 
|  65|0x000000070ae00000, 0x000000070ae00000, 0x000000070b000000|  0%| F|  |TAMS 0x000000070ae00000| PB 0x000000070ae00000| Untracked 
|  66|0x000000070b000000, 0x000000070b000000, 0x000000070b200000|  0%| F|  |TAMS 0x000000070b000000| PB 0x000000070b000000| Untracked 
|  67|0x000000070b200000, 0x000000070b200000, 0x000000070b400000|  0%| F|  |TAMS 0x000000070b200000| PB 0x000000070b200000| Untracked 
|  68|0x000000070b400000, 0x000000070b400000, 0x000000070b600000|  0%| F|  |TAMS 0x000000070b400000| PB 0x000000070b400000| Untracked 
|  69|0x000000070b600000, 0x000000070b600000, 0x000000070b800000|  0%| F|  |TAMS 0x000000070b600000| PB 0x000000070b600000| Untracked 
|  70|0x000000070b800000, 0x000000070b800000, 0x000000070ba00000|  0%| F|  |TAMS 0x000000070b800000| PB 0x000000070b800000| Untracked 
|  71|0x000000070ba00000, 0x000000070ba00000, 0x000000070bc00000|  0%| F|  |TAMS 0x000000070ba00000| PB 0x000000070ba00000| Untracked 
|  72|0x000000070bc00000, 0x000000070bc00000, 0x000000070be00000|  0%| F|  |TAMS 0x000000070bc00000| PB 0x000000070bc00000| Untracked 
|  73|0x000000070be00000, 0x000000070be00000, 0x000000070c000000|  0%| F|  |TAMS 0x000000070be00000| PB 0x000000070be00000| Untracked 
|  74|0x000000070c000000, 0x000000070c000000, 0x000000070c200000|  0%| F|  |TAMS 0x000000070c000000| PB 0x000000070c000000| Untracked 
|  75|0x000000070c200000, 0x000000070c400000, 0x000000070c400000|100%| E|CS|TAMS 0x000000070c200000| PB 0x000000070c200000| Complete 
|  76|0x000000070c400000, 0x000000070c400000, 0x000000070c600000|  0%| F|  |TAMS 0x000000070c400000| PB 0x000000070c400000| Untracked 
|  77|0x000000070c600000, 0x000000070c600000, 0x000000070c800000|  0%| F|  |TAMS 0x000000070c600000| PB 0x000000070c600000| Untracked 
|  78|0x000000070c800000, 0x000000070c800000, 0x000000070ca00000|  0%| F|  |TAMS 0x000000070c800000| PB 0x000000070c800000| Untracked 
|  79|0x000000070ca00000, 0x000000070ca00000, 0x000000070cc00000|  0%| F|  |TAMS 0x000000070ca00000| PB 0x000000070ca00000| Untracked 
|  80|0x000000070cc00000, 0x000000070cc00000, 0x000000070ce00000|  0%| F|  |TAMS 0x000000070cc00000| PB 0x000000070cc00000| Untracked 
|  81|0x000000070ce00000, 0x000000070ce00000, 0x000000070d000000|  0%| F|  |TAMS 0x000000070ce00000| PB 0x000000070ce00000| Untracked 
|  82|0x000000070d000000, 0x000000070d198328, 0x000000070d200000| 79%| E|  |TAMS 0x000000070d000000| PB 0x000000070d000000| Complete 
| 126|0x0000000712800000, 0x0000000712a00000, 0x0000000712a00000|100%| E|CS|TAMS 0x0000000712800000| PB 0x0000000712800000| Complete 

Card table byte_map: [0x0000026f362d0000,0x0000026f36ac0000] _byte_map_base: 0x0000026f32aba000

Marking Bits: (CMBitMap*) 0x0000026f234a2530
 Bits: [0x0000026f36ac0000, 0x0000026f3aa10000)

Polling page: 0x0000026f22c00000

Metaspace:

Usage:
  Non-class:     59.00 MB used.
      Class:      7.58 MB used.
       Both:     66.57 MB used.

Virtual space:
  Non-class space:       64.00 MB reserved,      59.12 MB ( 92%) committed,  1 nodes.
      Class space:        1.00 GB reserved,       7.69 MB ( <1%) committed,  1 nodes.
             Both:        1.06 GB reserved,      66.81 MB (  6%) committed. 

Chunk freelists:
   Non-Class:  4.50 MB
       Class:  8.31 MB
        Both:  12.81 MB

MaxMetaspaceSize: unlimited
CompressedClassSpaceSize: 1.00 GB
Initial GC threshold: 21.00 MB
Current GC threshold: 111.38 MB
CDS: off
 - commit_granule_bytes: 65536.
 - commit_granule_words: 8192.
 - virtual_space_node_default_size: 8388608.
 - enlarge_chunks_in_place: 1.
 - use_allocation_guard: 0.


Internal statistics:

num_allocs_failed_limit: 6.
num_arena_births: 302.
num_arena_deaths: 0.
num_vsnodes_births: 2.
num_vsnodes_deaths: 0.
num_space_committed: 1067.
num_space_uncommitted: 0.
num_chunks_returned_to_freelist: 6.
num_chunks_taken_from_freelist: 2368.
num_chunk_merges: 6.
num_chunk_splits: 1981.
num_chunks_enlarged: 1806.
num_inconsistent_stats: 0.

CodeHeap 'non-profiled nmethods': size=120000Kb used=6417Kb max_used=6568Kb free=113582Kb
 bounds [0x0000026f2e060000, 0x0000026f2e6d0000, 0x0000026f35590000]
CodeHeap 'profiled nmethods': size=120000Kb used=31499Kb max_used=33343Kb free=88500Kb
 bounds [0x0000026f26590000, 0x0000026f28620000, 0x0000026f2dac0000]
CodeHeap 'non-nmethods': size=5760Kb used=1644Kb max_used=1777Kb free=4115Kb
 bounds [0x0000026f2dac0000, 0x0000026f2dd30000, 0x0000026f2e060000]
CodeCache: size=245760Kb, used=39560Kb, max_used=41688Kb, free=206197Kb
 total_blobs=10408, nmethods=9718, adapters=590, full_count=0
Compilation: enabled, stopped_count=0, restarted_count=0

Compilation events (20 events):
Event: 32.112 Thread 0x0000026f3d85e3c0 11181       3       org.jetbrains.kotlin.fir.types.TypeUtilsKt::isExtensionFunctionType (41 bytes)
Event: 32.116 Thread 0x0000026f3d85e3c0 nmethod 11181 0x0000026f28613010 code [0x0000026f28613560, 0x0000026f28615900]
Event: 32.116 Thread 0x0000026f3d85e3c0 11185       3       org.jetbrains.kotlin.resolve.calls.inference.model.NewConstraintSystemImpl::substituteMissedConstraints (142 bytes)
Event: 32.119 Thread 0x0000026f3d85e3c0 nmethod 11185 0x0000026f28616610 code [0x0000026f28616a20, 0x0000026f28618810]
Event: 32.119 Thread 0x0000026f3d85e3c0 11186       3       org.jetbrains.kotlin.resolve.calls.inference.model.NewConstraintSystemImpl::postponeOnlyInputTypesCheck (36 bytes)
Event: 32.120 Thread 0x0000026f3d85e3c0 nmethod 11186 0x0000026f28619290 code [0x0000026f28619480, 0x0000026f28619848]
Event: 32.120 Thread 0x0000026f3d85e3c0 11187       3       org.jetbrains.kotlin.resolve.calls.inference.model.NewConstraintSystemImpl::doPostponedComputationsIfAllVariablesAreFixed (70 bytes)
Event: 32.121 Thread 0x0000026f3d85e3c0 nmethod 11187 0x0000026f28619a10 code [0x0000026f28619c60, 0x0000026f2861a538]
Event: 32.121 Thread 0x0000026f3d85e3c0 11182       1       org.jetbrains.kotlin.fir.declarations.impl.FirAnonymousFunctionImpl::getHasExplicitParameterList (5 bytes)
Event: 32.121 Thread 0x0000026f3d85e3c0 nmethod 11182 0x0000026f2e6c9a10 code [0x0000026f2e6c9ba0, 0x0000026f2e6c9c70]
Event: 32.121 Thread 0x0000026f3d85e3c0 11183       1       org.jetbrains.kotlin.fir.resolve.calls.stages.ArgumentCheckingProcessor$ArgumentContext::getCandidate (5 bytes)
Event: 32.121 Thread 0x0000026f3d85e3c0 nmethod 11183 0x0000026f2e6c9d10 code [0x0000026f2e6c9ea0, 0x0000026f2e6c9f70]
Event: 32.121 Thread 0x0000026f3d85e3c0 11184       1       org.jetbrains.kotlin.fir.resolve.calls.ConeResolvedLambdaAtom::getExpectedFunctionTypeKind (5 bytes)
Event: 32.121 Thread 0x0000026f3d85e3c0 nmethod 11184 0x0000026f2e6ca010 code [0x0000026f2e6ca1a0, 0x0000026f2e6ca270]
Event: 32.133 Thread 0x0000026f3d85e3c0 11188       3       org.jetbrains.kotlin.fir.resolve.dfa.LogicSystem::copyCommonAliases (198 bytes)
Event: 32.141 Thread 0x0000026f3d85e3c0 nmethod 11188 0x0000026f2861a790 code [0x0000026f2861abe0, 0x0000026f2861d000]
Event: 32.141 Thread 0x0000026f3d85e3c0 11189       3       org.jetbrains.kotlin.resolve.calls.inference.components.ResultTypeResolver$sinkIntegerLiteralTypes$1$containsILT$1::invoke (9 bytes)
Event: 32.141 Thread 0x0000026f3d85e3c0 nmethod 11189 0x0000026f2861da90 code [0x0000026f2861dc40, 0x0000026f2861de88]
Event: 32.141 Thread 0x0000026f3d85e3c0 11190       3       org.jetbrains.kotlin.resolve.calls.inference.components.ResultTypeResolver$sinkIntegerLiteralTypes$1$containsILT$1::invoke (39 bytes)
Event: 32.144 Thread 0x0000026f3d85e3c0 nmethod 11190 0x0000026f2861df90 code [0x0000026f2861e300, 0x0000026f2861f5e8]

GC Heap History (20 events):
Event: 16.107 GC heap before
{Heap before GC invocations=12 (full 0):
 garbage-first heap   total 90112K, used 71799K [0x0000000702c00000, 0x0000000800000000)
  region size 2048K, 16 young (32768K), 3 survivors (6144K)
 Metaspace       used 51081K, committed 51328K, reserved 1114112K
  class space    used 5908K, committed 6016K, reserved 1048576K
}
Event: 16.152 GC heap after
{Heap after GC invocations=13 (full 0):
 garbage-first heap   total 108544K, used 55196K [0x0000000702c00000, 0x0000000800000000)
  region size 2048K, 2 young (4096K), 2 survivors (4096K)
 Metaspace       used 51081K, committed 51328K, reserved 1114112K
  class space    used 5908K, committed 6016K, reserved 1048576K
}
Event: 17.626 GC heap before
{Heap before GC invocations=14 (full 0):
 garbage-first heap   total 108544K, used 85916K [0x0000000702c00000, 0x0000000800000000)
  region size 2048K, 17 young (34816K), 2 survivors (4096K)
 Metaspace       used 56606K, committed 56960K, reserved 1114112K
  class space    used 6614K, committed 6784K, reserved 1048576K
}
Event: 17.656 GC heap after
{Heap after GC invocations=15 (full 0):
 garbage-first heap   total 108544K, used 62029K [0x0000000702c00000, 0x0000000800000000)
  region size 2048K, 3 young (6144K), 3 survivors (6144K)
 Metaspace       used 56606K, committed 56960K, reserved 1114112K
  class space    used 6614K, committed 6784K, reserved 1048576K
}
Event: 19.270 GC heap before
{Heap before GC invocations=15 (full 0):
 garbage-first heap   total 108544K, used 88653K [0x0000000702c00000, 0x0000000800000000)
  region size 2048K, 16 young (32768K), 3 survivors (6144K)
 Metaspace       used 59433K, committed 59712K, reserved 1114112K
  class space    used 6882K, committed 7040K, reserved 1048576K
}
Event: 19.320 GC heap after
{Heap after GC invocations=16 (full 0):
 garbage-first heap   total 108544K, used 67109K [0x0000000702c00000, 0x0000000800000000)
  region size 2048K, 2 young (4096K), 2 survivors (4096K)
 Metaspace       used 59433K, committed 59712K, reserved 1114112K
  class space    used 6882K, committed 7040K, reserved 1048576K
}
Event: 20.885 GC heap before
{Heap before GC invocations=16 (full 0):
 garbage-first heap   total 108544K, used 91685K [0x0000000702c00000, 0x0000000800000000)
  region size 2048K, 14 young (28672K), 2 survivors (4096K)
 Metaspace       used 62262K, committed 62592K, reserved 1114112K
  class space    used 7234K, committed 7360K, reserved 1048576K
}
Event: 20.924 GC heap after
{Heap after GC invocations=17 (full 0):
 garbage-first heap   total 108544K, used 71662K [0x0000000702c00000, 0x0000000800000000)
  region size 2048K, 2 young (4096K), 2 survivors (4096K)
 Metaspace       used 62262K, committed 62592K, reserved 1114112K
  class space    used 7234K, committed 7360K, reserved 1048576K
}
Event: 22.376 GC heap before
{Heap before GC invocations=18 (full 0):
 garbage-first heap   total 120832K, used 94190K [0x0000000702c00000, 0x0000000800000000)
  region size 2048K, 13 young (26624K), 2 survivors (4096K)
 Metaspace       used 63289K, committed 63616K, reserved 1114112K
  class space    used 7337K, committed 7488K, reserved 1048576K
}
Event: 22.418 GC heap after
{Heap after GC invocations=19 (full 0):
 garbage-first heap   total 120832K, used 75776K [0x0000000702c00000, 0x0000000800000000)
  region size 2048K, 2 young (4096K), 2 survivors (4096K)
 Metaspace       used 63289K, committed 63616K, reserved 1114112K
  class space    used 7337K, committed 7488K, reserved 1048576K
}
Event: 23.437 GC heap before
{Heap before GC invocations=19 (full 0):
 garbage-first heap   total 120832K, used 102400K [0x0000000702c00000, 0x0000000800000000)
  region size 2048K, 15 young (30720K), 2 survivors (4096K)
 Metaspace       used 64157K, committed 64448K, reserved 1114112K
  class space    used 7400K, committed 7552K, reserved 1048576K
}
Event: 23.487 GC heap after
{Heap after GC invocations=20 (full 0):
 garbage-first heap   total 120832K, used 81920K [0x0000000702c00000, 0x0000000800000000)
  region size 2048K, 2 young (4096K), 2 survivors (4096K)
 Metaspace       used 64157K, committed 64448K, reserved 1114112K
  class space    used 7400K, committed 7552K, reserved 1048576K
}
Event: 24.495 GC heap before
{Heap before GC invocations=20 (full 0):
 garbage-first heap   total 120832K, used 104448K [0x0000000702c00000, 0x0000000800000000)
  region size 2048K, 13 young (26624K), 2 survivors (4096K)
 Metaspace       used 64650K, committed 64960K, reserved 1114112K
  class space    used 7429K, committed 7552K, reserved 1048576K
}
Event: 24.537 GC heap after
{Heap after GC invocations=21 (full 0):
 garbage-first heap   total 157696K, used 86683K [0x0000000702c00000, 0x0000000800000000)
  region size 2048K, 2 young (4096K), 2 survivors (4096K)
 Metaspace       used 64650K, committed 64960K, reserved 1114112K
  class space    used 7429K, committed 7552K, reserved 1048576K
}
Event: 27.011 GC heap before
{Heap before GC invocations=22 (full 0):
 garbage-first heap   total 157696K, used 127643K [0x0000000702c00000, 0x0000000800000000)
  region size 2048K, 22 young (45056K), 2 survivors (4096K)
 Metaspace       used 67043K, committed 67392K, reserved 1114112K
  class space    used 7719K, committed 7872K, reserved 1048576K
}
Event: 27.042 GC heap after
{Heap after GC invocations=23 (full 0):
 garbage-first heap   total 157696K, used 93036K [0x0000000702c00000, 0x0000000800000000)
  region size 2048K, 3 young (6144K), 3 survivors (6144K)
 Metaspace       used 67043K, committed 67392K, reserved 1114112K
  class space    used 7719K, committed 7872K, reserved 1048576K
}
Event: 29.914 GC heap before
{Heap before GC invocations=23 (full 0):
 garbage-first heap   total 157696K, used 131948K [0x0000000702c00000, 0x0000000800000000)
  region size 2048K, 22 young (45056K), 3 survivors (6144K)
 Metaspace       used 67588K, committed 67904K, reserved 1114112K
  class space    used 7741K, committed 7872K, reserved 1048576K
}
Event: 29.951 GC heap after
{Heap after GC invocations=24 (full 0):
 garbage-first heap   total 157696K, used 97535K [0x0000000702c00000, 0x0000000800000000)
  region size 2048K, 3 young (6144K), 3 survivors (6144K)
 Metaspace       used 67588K, committed 67904K, reserved 1114112K
  class space    used 7741K, committed 7872K, reserved 1048576K
}
Event: 31.907 GC heap before
{Heap before GC invocations=24 (full 0):
 garbage-first heap   total 157696K, used 136447K [0x0000000702c00000, 0x0000000800000000)
  region size 2048K, 22 young (45056K), 3 survivors (6144K)
 Metaspace       used 68113K, committed 68352K, reserved 1114112K
  class space    used 7757K, committed 7872K, reserved 1048576K
}
Event: 31.933 GC heap after
{Heap after GC invocations=25 (full 0):
 garbage-first heap   total 157696K, used 100478K [0x0000000702c00000, 0x0000000800000000)
  region size 2048K, 2 young (4096K), 2 survivors (4096K)
 Metaspace       used 68113K, committed 68352K, reserved 1114112K
  class space    used 7757K, committed 7872K, reserved 1048576K
}

Dll operation events (3 events):
Event: 0.022 Loaded shared library C:\Program Files\Android\Android Studio\jbr\bin\java.dll
Event: 0.035 Loaded shared library C:\Program Files\Android\Android Studio\jbr\bin\zip.dll
Event: 7.539 Loaded shared library C:\Program Files\Android\Android Studio\jbr\bin\verify.dll

Deoptimization events (20 events):
Event: 30.982 Thread 0x0000026f21054ce0 Uncommon trap: trap_request=0xffffffde fr.pc=0x0000026f2e6554bc relative=0x00000000000008bc
Event: 30.982 Thread 0x0000026f21054ce0 Uncommon trap: reason=class_check action=maybe_recompile pc=0x0000026f2e6554bc method=java.util.ArrayList.hashCodeRange(II)I @ 53 c2
Event: 30.982 Thread 0x0000026f21054ce0 DEOPT PACKING pc=0x0000026f2e6554bc sp=0x000000ce74bf9b30
Event: 30.982 Thread 0x0000026f21054ce0 DEOPT UNPACKING pc=0x0000026f2db146a2 sp=0x000000ce74bf9a58 mode 2
Event: 30.982 Thread 0x0000026f21054ce0 Uncommon trap: trap_request=0xffffffde fr.pc=0x0000026f2e6554bc relative=0x00000000000008bc
Event: 30.982 Thread 0x0000026f21054ce0 Uncommon trap: reason=class_check action=maybe_recompile pc=0x0000026f2e6554bc method=java.util.ArrayList.hashCodeRange(II)I @ 53 c2
Event: 30.982 Thread 0x0000026f21054ce0 DEOPT PACKING pc=0x0000026f2e6554bc sp=0x000000ce74bf9b30
Event: 30.982 Thread 0x0000026f21054ce0 DEOPT UNPACKING pc=0x0000026f2db146a2 sp=0x000000ce74bf9a58 mode 2
Event: 30.983 Thread 0x0000026f21054ce0 Uncommon trap: trap_request=0xffffffde fr.pc=0x0000026f2e653ee8 relative=0x0000000000000868
Event: 30.983 Thread 0x0000026f21054ce0 Uncommon trap: reason=class_check action=maybe_recompile pc=0x0000026f2e653ee8 method=java.util.ArrayList.hashCodeRange(II)I @ 53 c2
Event: 30.983 Thread 0x0000026f21054ce0 DEOPT PACKING pc=0x0000026f2e653ee8 sp=0x000000ce74bf9ab0
Event: 30.983 Thread 0x0000026f21054ce0 DEOPT UNPACKING pc=0x0000026f2db146a2 sp=0x000000ce74bf9a58 mode 2
Event: 31.087 Thread 0x0000026f21054ce0 Uncommon trap: trap_request=0xffffff45 fr.pc=0x0000026f2e1a4dcc relative=0x000000000000338c
Event: 31.087 Thread 0x0000026f21054ce0 Uncommon trap: reason=unstable_if action=reinterpret pc=0x0000026f2e1a4dcc method=org.jetbrains.org.objectweb.asm.ClassReader.accept(Lorg/jetbrains/org/objectweb/asm/ClassVisitor;[Lorg/jetbrains/org/objectweb/asm/Attribute;I)V @ 269 c2
Event: 31.087 Thread 0x0000026f21054ce0 DEOPT PACKING pc=0x0000026f2e1a4dcc sp=0x000000ce74bf5b90
Event: 31.087 Thread 0x0000026f21054ce0 DEOPT UNPACKING pc=0x0000026f2db146a2 sp=0x000000ce74bf5b88 mode 2
Event: 31.107 Thread 0x0000026f21054ce0 Uncommon trap: trap_request=0xffffffde fr.pc=0x0000026f2e583c14 relative=0x0000000000004ed4
Event: 31.107 Thread 0x0000026f21054ce0 Uncommon trap: reason=class_check action=maybe_recompile pc=0x0000026f2e583c14 method=org.jetbrains.org.objectweb.asm.ClassReader.readMethod(Lorg/jetbrains/org/objectweb/asm/ClassVisitor;Lorg/jetbrains/org/objectweb/asm/Context;I)I @ 647 c2
Event: 31.107 Thread 0x0000026f21054ce0 DEOPT PACKING pc=0x0000026f2e583c14 sp=0x000000ce74bf5ec0
Event: 31.107 Thread 0x0000026f21054ce0 DEOPT UNPACKING pc=0x0000026f2db146a2 sp=0x000000ce74bf5e68 mode 2

Classes loaded (20 events):
Event: 19.632 Loading class java/util/AbstractList$RandomAccessSubList
Event: 19.633 Loading class java/util/AbstractList$RandomAccessSubList done
Event: 22.557 Loading class java/lang/Byte$ByteCache
Event: 22.557 Loading class java/lang/Byte$ByteCache done
Event: 22.693 Loading class java/lang/Short$ShortCache
Event: 22.693 Loading class java/lang/Short$ShortCache done
Event: 23.103 Loading class java/util/regex/Pattern$StartS
Event: 23.104 Loading class java/util/regex/Pattern$StartS done
Event: 23.118 Loading class java/lang/Character$UnicodeBlock
Event: 23.121 Loading class java/lang/Character$Subset
Event: 23.121 Loading class java/lang/Character$Subset done
Event: 23.124 Loading class java/lang/Character$UnicodeBlock done
Event: 29.294 Loading class java/util/EnumMap$EntrySet
Event: 29.295 Loading class java/util/EnumMap$EntrySet done
Event: 29.295 Loading class java/util/EnumMap$EntryIterator
Event: 29.295 Loading class java/util/EnumMap$EnumMapIterator
Event: 29.295 Loading class java/util/EnumMap$EnumMapIterator done
Event: 29.295 Loading class java/util/EnumMap$EntryIterator done
Event: 29.295 Loading class java/util/EnumMap$EntryIterator$Entry
Event: 29.295 Loading class java/util/EnumMap$EntryIterator$Entry done

Classes unloaded (0 events):
No events

Classes redefined (0 events):
No events

Internal exceptions (20 events):
Event: 16.542 Thread 0x0000026f21054ce0 Exception <a 'java/lang/NoSuchMethodError'{0x0000000708e8ba38}: 'java.lang.Object java.lang.invoke.Invokers$Holder.invokeExact_MT(java.lang.Object, java.lang.Object, java.lang.Object, java.lang.Object, java.lang.Object, java.lang.Object)'> (0x0000000708e8ba38) 
thrown [s\src\hotspot\share\interpreter\linkResolver.cpp, line 784]
Event: 17.003 Thread 0x0000026f21054ce0 Exception <a 'java/lang/NoSuchMethodError'{0x0000000708957300}: 'java.lang.Object java.lang.invoke.Invokers$Holder.invokeExact_MT(java.lang.Object, java.lang.Object, long, java.lang.Object)'> (0x0000000708957300) 
thrown [s\src\hotspot\share\interpreter\linkResolver.cpp, line 784]
Event: 17.288 Thread 0x0000026f21054ce0 Exception <a 'java/lang/NoSuchMethodError'{0x00000007085cffc8}: 'void java.lang.invoke.DirectMethodHandle$Holder.invokeSpecial(java.lang.Object, java.lang.Object, int, java.lang.Object)'> (0x00000007085cffc8) 
thrown [s\src\hotspot\share\interpreter\linkResolver.cpp, line 784]
Event: 17.661 Thread 0x0000026f21054ce0 Implicit null exception at 0x0000026f2e387280 to 0x0000026f2e387388
Event: 19.138 Thread 0x0000026f21054ce0 Exception <a 'java/lang/NoSuchMethodError'{0x0000000707ec1c68}: 'java.lang.Object java.lang.invoke.DirectMethodHandle$Holder.newInvokeSpecial(java.lang.Object, java.lang.Object, java.lang.Object, java.lang.Object, int, java.lang.Object, java.lang.Object)'> (0x0000000707ec1c68) 
thrown [s\src\hotspot\share\interpreter\linkResolver.cpp, line 784]
Event: 19.140 Thread 0x0000026f21054ce0 Exception <a 'java/lang/NoSuchMethodError'{0x0000000707ec9d88}: 'java.lang.Object java.lang.invoke.Invokers$Holder.linkToTargetMethod(java.lang.Object, java.lang.Object, java.lang.Object, int, java.lang.Object, java.lang.Object, java.lang.Object)'> (0x0000000707ec9d88) 
thrown [s\src\hotspot\share\interpreter\linkResolver.cpp, line 784]
Event: 19.475 Thread 0x0000026f21054ce0 Exception <a 'java/lang/NoSuchMethodError'{0x00000007093c49c0}: 'java.lang.Object java.lang.invoke.DirectMethodHandle$Holder.newInvokeSpecial(java.lang.Object, java.lang.Object, java.lang.Object, java.lang.Object, int)'> (0x00000007093c49c0) 
thrown [s\src\hotspot\share\interpreter\linkResolver.cpp, line 784]
Event: 19.479 Thread 0x0000026f21054ce0 Exception <a 'java/lang/NoSuchMethodError'{0x00000007093c8d58}: 'java.lang.Object java.lang.invoke.DirectMethodHandle$Holder.invokeSpecial(java.lang.Object, java.lang.Object, java.lang.Object, java.lang.Object, java.lang.Object, int)'> (0x00000007093c8d58) 
thrown [s\src\hotspot\share\interpreter\linkResolver.cpp, line 784]
Event: 19.479 Thread 0x0000026f21054ce0 Exception <a 'java/lang/NoSuchMethodError'{0x00000007093cca88}: 'java.lang.Object java.lang.invoke.Invokers$Holder.linkToTargetMethod(java.lang.Object, java.lang.Object, java.lang.Object, int, java.lang.Object)'> (0x00000007093cca88) 
thrown [s\src\hotspot\share\interpreter\linkResolver.cpp, line 784]
Event: 19.888 Thread 0x0000026f21054ce0 Exception <a 'java/lang/NoSuchMethodError'{0x0000000708b67660}: 'java.lang.Object java.lang.invoke.DirectMethodHandle$Holder.invokeSpecial(java.lang.Object, java.lang.Object, int, java.lang.Object, java.lang.Object)'> (0x0000000708b67660) 
thrown [s\src\hotspot\share\interpreter\linkResolver.cpp, line 784]
Event: 19.890 Thread 0x0000026f21054ce0 Exception <a 'java/lang/NoSuchMethodError'{0x0000000708b6ef38}: 'java.lang.Object java.lang.invoke.DirectMethodHandle$Holder.invokeStatic(java.lang.Object, int, java.lang.Object, java.lang.Object)'> (0x0000000708b6ef38) 
thrown [s\src\hotspot\share\interpreter\linkResolver.cpp, line 784]
Event: 19.891 Thread 0x0000026f21054ce0 Exception <a 'java/lang/NoSuchMethodError'{0x0000000708b76128}: 'java.lang.Object java.lang.invoke.DirectMethodHandle$Holder.newInvokeSpecial(java.lang.Object, int, java.lang.Object)'> (0x0000000708b76128) 
thrown [s\src\hotspot\share\interpreter\linkResolver.cpp, line 784]
Event: 20.123 Thread 0x0000026f21054ce0 Exception <a 'java/lang/NoSuchMethodError'{0x000000070862c490}: 'java.lang.Object java.lang.invoke.DirectMethodHandle$Holder.invokeStatic(java.lang.Object, java.lang.Object, java.lang.Object, int, java.lang.Object, java.lang.Object)'> (0x000000070862c490) 
thrown [s\src\hotspot\share\interpreter\linkResolver.cpp, line 784]
Event: 20.774 Thread 0x0000026f21054ce0 Exception <a 'java/lang/NoSuchMethodError'{0x0000000707eebc90}: 'java.lang.Object java.lang.invoke.DirectMethodHandle$Holder.newInvokeSpecial(java.lang.Object, java.lang.Object, java.lang.Object, java.lang.Object, java.lang.Object, java.lang.Object, java.lang.Object, java.lang.Object, java.lang.Object)'> (0x0000000707eebc90) 
thrown [s\src\hotspot\share\interpreter\linkResolver.cpp, line 784]
Event: 20.873 Thread 0x0000026f21054ce0 Exception <a 'java/lang/NoSuchMethodError'{0x0000000707fd48d0}: 'java.lang.Object java.lang.invoke.DirectMethodHandle$Holder.newInvokeSpecial(java.lang.Object, java.lang.Object, java.lang.Object, java.lang.Object, java.lang.Object, int)'> (0x0000000707fd48d0) 
thrown [s\src\hotspot\share\interpreter\linkResolver.cpp, line 784]
Event: 20.874 Thread 0x0000026f21054ce0 Exception <a 'java/lang/NoSuchMethodError'{0x0000000707fd92f8}: 'java.lang.Object java.lang.invoke.DirectMethodHandle$Holder.invokeSpecial(java.lang.Object, java.lang.Object, java.lang.Object, java.lang.Object, java.lang.Object, java.lang.Object, int)'> (0x0000000707fd92f8) 
thrown [s\src\hotspot\share\interpreter\linkResolver.cpp, line 784]
Event: 20.875 Thread 0x0000026f21054ce0 Exception <a 'java/lang/NoSuchMethodError'{0x0000000707fdd690}: 'java.lang.Object java.lang.invoke.Invokers$Holder.linkToTargetMethod(java.lang.Object, java.lang.Object, java.lang.Object, java.lang.Object, int, java.lang.Object)'> (0x0000000707fdd690) 
thrown [s\src\hotspot\share\interpreter\linkResolver.cpp, line 784]
Event: 23.700 Thread 0x0000026f21054ce0 Exception <a 'java/lang/NoSuchMethodError'{0x0000000709b43d10}: 'java.lang.Object java.lang.invoke.DirectMethodHandle$Holder.newInvokeSpecial(java.lang.Object, int, java.lang.Object, java.lang.Object, java.lang.Object)'> (0x0000000709b43d10) 
thrown [s\src\hotspot\share\interpreter\linkResolver.cpp, line 784]
Event: 23.702 Thread 0x0000026f21054ce0 Exception <a 'java/lang/NoSuchMethodError'{0x0000000709b4b670}: 'java.lang.Object java.lang.invoke.Invokers$Holder.linkToTargetMethod(int, java.lang.Object, java.lang.Object, java.lang.Object, java.lang.Object)'> (0x0000000709b4b670) 
thrown [s\src\hotspot\share\interpreter\linkResolver.cpp, line 784]
Event: 26.106 Thread 0x0000026f21054ce0 Exception <a 'java/lang/IncompatibleClassChangeError'{0x000000070ad0dcb0}: Found class java.lang.Object, but interface was expected> (0x000000070ad0dcb0) 
thrown [s\src\hotspot\share\interpreter\linkResolver.cpp, line 851]

ZGC Phase Switch (0 events):
No events

VM Operations (20 events):
Event: 28.054 Executing VM operation: HandshakeAllThreads (Deoptimize) done
Event: 28.164 Executing VM operation: ICBufferFull
Event: 28.165 Executing VM operation: ICBufferFull done
Event: 29.167 Executing VM operation: Cleanup
Event: 29.167 Executing VM operation: Cleanup done
Event: 29.879 Executing VM operation: ICBufferFull
Event: 29.879 Executing VM operation: ICBufferFull done
Event: 29.914 Executing VM operation: G1CollectForAllocation (G1 Evacuation Pause)
Event: 29.951 Executing VM operation: G1CollectForAllocation (G1 Evacuation Pause) done
Event: 30.325 Executing VM operation: ICBufferFull
Event: 30.325 Executing VM operation: ICBufferFull done
Event: 30.696 Executing VM operation: ICBufferFull
Event: 30.696 Executing VM operation: ICBufferFull done
Event: 30.980 Executing VM operation: ICBufferFull
Event: 30.980 Executing VM operation: ICBufferFull done
Event: 31.674 Executing VM operation: ICBufferFull
Event: 31.675 Executing VM operation: ICBufferFull done
Event: 31.907 Executing VM operation: G1CollectForAllocation (G1 Evacuation Pause)
Event: 31.933 Executing VM operation: G1CollectForAllocation (G1 Evacuation Pause) done
Event: 32.144 Executing VM operation: G1PauseRemark

Memory protections (0 events):
No events

Nmethod flushes (20 events):
Event: 24.723 Thread 0x0000026f3d67eb30 flushing  nmethod 0x0000026f27347310
Event: 24.723 Thread 0x0000026f3d67eb30 flushing  nmethod 0x0000026f27348710
Event: 24.723 Thread 0x0000026f3d67eb30 flushing  nmethod 0x0000026f27348b90
Event: 24.723 Thread 0x0000026f3d67eb30 flushing  nmethod 0x0000026f2736dc90
Event: 24.723 Thread 0x0000026f3d67eb30 flushing  nmethod 0x0000026f27374b90
Event: 24.723 Thread 0x0000026f3d67eb30 flushing  nmethod 0x0000026f2739bc90
Event: 24.723 Thread 0x0000026f3d67eb30 flushing  nmethod 0x0000026f273fe210
Event: 24.723 Thread 0x0000026f3d67eb30 flushing  nmethod 0x0000026f27439a10
Event: 24.723 Thread 0x0000026f3d67eb30 flushing  nmethod 0x0000026f27443190
Event: 24.723 Thread 0x0000026f3d67eb30 flushing  nmethod 0x0000026f27445810
Event: 24.723 Thread 0x0000026f3d67eb30 flushing  nmethod 0x0000026f274a5e90
Event: 24.723 Thread 0x0000026f3d67eb30 flushing  nmethod 0x0000026f274c6b10
Event: 24.723 Thread 0x0000026f3d67eb30 flushing  nmethod 0x0000026f2751f190
Event: 24.723 Thread 0x0000026f3d67eb30 flushing  nmethod 0x0000026f2752e190
Event: 24.723 Thread 0x0000026f3d67eb30 flushing  nmethod 0x0000026f27582b10
Event: 24.723 Thread 0x0000026f3d67eb30 flushing  nmethod 0x0000026f275bb810
Event: 24.723 Thread 0x0000026f3d67eb30 flushing  nmethod 0x0000026f275c4010
Event: 24.723 Thread 0x0000026f3d67eb30 flushing  nmethod 0x0000026f27733c10
Event: 24.723 Thread 0x0000026f3d67eb30 flushing  nmethod 0x0000026f2777d210
Event: 24.723 Thread 0x0000026f3d67eb30 flushing  nmethod 0x0000026f277b6f90

Events (20 events):
Event: 7.436 Thread 0x0000026f43137e70 Thread exited: 0x0000026f43137e70
Event: 7.710 Thread 0x0000026f42e28130 Thread exited: 0x0000026f42e28130
Event: 7.910 Thread 0x0000026f3d85e3c0 Thread added: 0x0000026f42ce5320
Event: 8.051 Thread 0x0000026f42ce5320 Thread exited: 0x0000026f42ce5320
Event: 8.100 Thread 0x0000026f3d85e3c0 Thread added: 0x0000026f42ce5320
Event: 8.345 Thread 0x0000026f42ce5320 Thread exited: 0x0000026f42ce5320
Event: 9.020 Thread 0x0000026f3d85e3c0 Thread added: 0x0000026f43092030
Event: 9.960 Thread 0x0000026f43092030 Thread exited: 0x0000026f43092030
Event: 10.932 Thread 0x0000026f3d85e3c0 Thread added: 0x0000026f455c4a80
Event: 10.945 Thread 0x0000026f455c4a80 Thread added: 0x0000026f455c5130
Event: 14.313 Thread 0x0000026f455c5130 Thread exited: 0x0000026f455c5130
Event: 14.493 Thread 0x0000026f3d85e3c0 Thread added: 0x0000026f43d12830
Event: 19.480 Thread 0x0000026f43d12830 Thread exited: 0x0000026f43d12830
Event: 19.492 Thread 0x0000026f455c4a80 Thread exited: 0x0000026f455c4a80
Event: 19.569 Thread 0x0000026f3d85e3c0 Thread added: 0x0000026f455c4a80
Event: 19.864 Thread 0x0000026f455c4a80 Thread added: 0x0000026f46fbd770
Event: 22.419 Thread 0x0000026f46fbd770 Thread exited: 0x0000026f46fbd770
Event: 23.250 Thread 0x0000026f3d85e3c0 Thread added: 0x0000026f43ce1c60
Event: 25.895 Thread 0x0000026f43ce1c60 Thread exited: 0x0000026f43ce1c60
Event: 26.146 Thread 0x0000026f3d85e3c0 Thread added: 0x0000026f3d903300


Dynamic libraries:
0x00007ff7bb4c0000 - 0x00007ff7bb4ca000 	C:\Program Files\Android\Android Studio\jbr\bin\java.exe
0x00007ffa4db40000 - 0x00007ffa4dda7000 	C:\WINDOWS\SYSTEM32\ntdll.dll
0x00007ffa4c490000 - 0x00007ffa4c559000 	C:\WINDOWS\System32\KERNEL32.DLL
0x00007ffa4b440000 - 0x00007ffa4b834000 	C:\WINDOWS\System32\KERNELBASE.dll
0x00007ffa4a660000 - 0x00007ffa4a7ab000 	C:\WINDOWS\System32\ucrtbase.dll
0x00007ffa1b0d0000 - 0x00007ffa1b0e8000 	C:\Program Files\Android\Android Studio\jbr\bin\jli.dll
0x00007ffa4bb20000 - 0x00007ffa4bce5000 	C:\WINDOWS\System32\USER32.dll
0x00007ffa4a630000 - 0x00007ffa4a657000 	C:\WINDOWS\System32\win32u.dll
0x00007ffa4be50000 - 0x00007ffa4be7b000 	C:\WINDOWS\System32\GDI32.dll
0x00007ffa4a7b0000 - 0x00007ffa4a8db000 	C:\WINDOWS\System32\gdi32full.dll
0x00007ffa21000000 - 0x00007ffa2101b000 	C:\Program Files\Android\Android Studio\jbr\bin\VCRUNTIME140.dll
0x00007ffa4b2d0000 - 0x00007ffa4b373000 	C:\WINDOWS\System32\msvcp_win.dll
0x00007ffa365c0000 - 0x00007ffa36853000 	C:\WINDOWS\WinSxS\amd64_microsoft.windows.common-controls_6595b64144ccf1df_6.0.26100.8115_none_3e075c82e3354f9c\COMCTL32.dll
0x00007ffa4be80000 - 0x00007ffa4bf29000 	C:\WINDOWS\System32\msvcrt.dll
0x00007ffa4ba20000 - 0x00007ffa4ba52000 	C:\WINDOWS\System32\IMM32.DLL
0x00007ffa45bd0000 - 0x00007ffa45bdc000 	C:\Program Files\Android\Android Studio\jbr\bin\vcruntime140_1.dll
0x00007ffa1b040000 - 0x00007ffa1b0cd000 	C:\Program Files\Android\Android Studio\jbr\bin\msvcp140.dll
0x00007ff9be090000 - 0x00007ff9bed26000 	C:\Program Files\Android\Android Studio\jbr\bin\server\jvm.dll
0x00007ffa4c0d0000 - 0x00007ffa4c186000 	C:\WINDOWS\System32\ADVAPI32.dll
0x00007ffa4bd10000 - 0x00007ffa4bdb7000 	C:\WINDOWS\System32\sechost.dll
0x00007ffa4bf30000 - 0x00007ffa4c048000 	C:\WINDOWS\System32\RPCRT4.dll
0x00007ffa4c650000 - 0x00007ffa4c6d0000 	C:\WINDOWS\System32\WS2_32.dll
0x00007ffa4a270000 - 0x00007ffa4a2ce000 	C:\WINDOWS\SYSTEM32\POWRPROF.dll
0x00007ffa38fd0000 - 0x00007ffa39006000 	C:\WINDOWS\SYSTEM32\WINMM.dll
0x00007ffa43520000 - 0x00007ffa4352b000 	C:\WINDOWS\SYSTEM32\VERSION.dll
0x00007ffa4a250000 - 0x00007ffa4a264000 	C:\WINDOWS\SYSTEM32\UMPDC.dll
0x00007ffa49170000 - 0x00007ffa4918b000 	C:\WINDOWS\SYSTEM32\kernel.appcore.dll
0x00007ffa43ee0000 - 0x00007ffa43eea000 	C:\Program Files\Android\Android Studio\jbr\bin\jimage.dll
0x00007ffa36b30000 - 0x00007ffa36d72000 	C:\WINDOWS\SYSTEM32\DBGHELP.DLL
0x00007ffa4c780000 - 0x00007ffa4cb02000 	C:\WINDOWS\System32\combase.dll
0x00007ffa4c560000 - 0x00007ffa4c638000 	C:\WINDOWS\System32\OLEAUT32.dll
0x00007ffa280f0000 - 0x00007ffa2812b000 	C:\WINDOWS\SYSTEM32\dbgcore.DLL
0x00007ffa4a580000 - 0x00007ffa4a625000 	C:\WINDOWS\System32\bcryptPrimitives.dll
0x00007ffa217a0000 - 0x00007ffa217c0000 	C:\Program Files\Android\Android Studio\jbr\bin\java.dll
0x00007ffa21780000 - 0x00007ffa21798000 	C:\Program Files\Android\Android Studio\jbr\bin\zip.dll
0x00007ffa4cc90000 - 0x00007ffa4d3f7000 	C:\WINDOWS\System32\SHELL32.dll
0x00007ffa4a410000 - 0x00007ffa4a57a000 	C:\WINDOWS\System32\wintypes.dll
0x00007ffa4aa60000 - 0x00007ffa4b2c8000 	C:\WINDOWS\System32\windows.storage.dll
0x00007ffa4b8d0000 - 0x00007ffa4b9c8000 	C:\WINDOWS\System32\SHCORE.dll
0x00007ffa4cb10000 - 0x00007ffa4cb76000 	C:\WINDOWS\System32\shlwapi.dll
0x00007ffa4a330000 - 0x00007ffa4a359000 	C:\WINDOWS\SYSTEM32\profapi.dll
0x00007ffa21df0000 - 0x00007ffa21e00000 	C:\Program Files\Android\Android Studio\jbr\bin\net.dll
0x00007ffa431b0000 - 0x00007ffa432dd000 	C:\WINDOWS\SYSTEM32\WINHTTP.dll
0x00007ffa49710000 - 0x00007ffa4977c000 	C:\WINDOWS\system32\mswsock.dll
0x00007ffa21760000 - 0x00007ffa21776000 	C:\Program Files\Android\Android Studio\jbr\bin\nio.dll
0x00007ffa3c380000 - 0x00007ffa3c390000 	C:\Program Files\Android\Android Studio\jbr\bin\verify.dll

JVMTI agents: none

dbghelp: loaded successfully - version: 4.0.5 - missing functions: none
symbol engine: initialized successfully - sym options: 0x614 - pdb path: .;C:\Program Files\Android\Android Studio\jbr\bin;C:\WINDOWS\SYSTEM32;C:\WINDOWS\WinSxS\amd64_microsoft.windows.common-controls_6595b64144ccf1df_6.0.26100.8115_none_3e075c82e3354f9c;C:\Program Files\Android\Android Studio\jbr\bin\server

VM Arguments:
java_command: org.jetbrains.kotlin.cli.jvm.K2JVMCompiler @D:\dafi\fida-new\fida-to-tranferv2\app\build\20260512_14173179132024759425.compiler.options
java_class_path (initial): C:\Users\FATHI\.gradle\caches\modules-2\files-2.1\org.jetbrains.kotlin\kotlin-compiler-embeddable\2.1.0\988bf980588bbbcfa1ba19c1ffd7aa869b335a31\kotlin-compiler-embeddable-2.1.0.jar;C:\Users\FATHI\.gradle\caches\modules-2\files-2.1\org.jetbrains.kotlin\kotlin-stdlib\2.1.0\85f8b81009cda5890e54ba67d64b5e599c645020\kotlin-stdlib-2.1.0.jar;C:\Users\FATHI\.gradle\caches\modules-2\files-2.1\org.jetbrains.kotlin\kotlin-script-runtime\2.1.0\5909da8c57b75a117714ab0e348c86101b7a3284\kotlin-script-runtime-2.1.0.jar;C:\Users\FATHI\.gradle\caches\modules-2\files-2.1\org.jetbrains.kotlin\kotlin-reflect\1.6.10\1cbe9c92c12a94eea200d23c2bbaedaf3daf5132\kotlin-reflect-1.6.10.jar;C:\Users\FATHI\.gradle\caches\modules-2\files-2.1\org.jetbrains.kotlin\kotlin-daemon-embeddable\2.1.0\420bae1908e4a353f5b56c3c850d24d86367b25d\kotlin-daemon-embeddable-2.1.0.jar;C:\Users\FATHI\.gradle\caches\modules-2\files-2.1\org.jetbrains.intellij.deps\trove4j\1.0.20200330\3afb14d5f9ceb459d724e907a21145e8ff394f02\trove4j-1.0.20200330.jar;C:\Users\FATHI\.gradle\caches\modules-2\files-2.1\org.jetbrains.kotlinx\kotlinx-coroutines-core-jvm\1.6.4\2c997cd1c0ef33f3e751d3831929aeff1390cb30\kotlinx-coroutines-core-jvm-1.6.4.jar;C:\Users\FATHI\.gradle\caches\modules-2\files-2.1\org.jetbrains\annotations\13.0\919f0dfe192fb4e063e7dacadee7f8bb9a2672a9\annotations-13.0.jar
Launcher Type: SUN_STANDARD

[Global flags]
     intx CICompilerCount                          = 4                                         {product} {ergonomic}
     uint ConcGCThreads                            = 3                                         {product} {ergonomic}
     uint G1ConcRefinementThreads                  = 10                                        {product} {ergonomic}
   size_t G1HeapRegionSize                         = 2097152                                   {product} {ergonomic}
    uintx GCDrainStackTargetSize                   = 64                                        {product} {ergonomic}
   size_t InitialHeapSize                          = 266338304                                 {product} {ergonomic}
   size_t MarkStackSize                            = 4194304                                   {product} {ergonomic}
   size_t MaxHeapSize                              = 4248829952                                {product} {ergonomic}
   size_t MaxNewSize                               = 2548039680                                {product} {ergonomic}
   size_t MinHeapDeltaBytes                        = 2097152                                   {product} {ergonomic}
   size_t MinHeapSize                              = 8388608                                   {product} {ergonomic}
    uintx NonNMethodCodeHeapSize                   = 5839372                                {pd product} {ergonomic}
    uintx NonProfiledCodeHeapSize                  = 122909434                              {pd product} {ergonomic}
    uintx ProfiledCodeHeapSize                     = 122909434                              {pd product} {ergonomic}
    uintx ReservedCodeCacheSize                    = 251658240                              {pd product} {ergonomic}
     bool SegmentedCodeCache                       = true                                      {product} {ergonomic}
   size_t SoftMaxHeapSize                          = 4248829952                             {manageable} {ergonomic}
     bool UseCompressedOops                        = true                           {product lp64_product} {ergonomic}
     bool UseG1GC                                  = true                                      {product} {ergonomic}
     bool UseLargePagesIndividualAllocation        = false                                  {pd product} {ergonomic}

Logging:
Log output configuration:
 #0: stdout all=warning uptime,level,tags foldmultilines=false
 #1: stderr all=off uptime,level,tags foldmultilines=false

Environment Variables:
JAVA_HOME=C:\Program Files\Android\Android Studio\jbr
PATH=C:\Program Files\Git\mingw64\bin;C:\Program Files\Git\usr\bin;C:\Users\FATHI\bin;C:\Users\FATHI\.pi\agent\bin;C:\Users\FATHI\AppData\Local\cloud-code\installer\google-cloud-sdk\bin;C:\WINDOWS\system32;C:\WINDOWS;C:\WINDOWS\System32\Wbem;C:\WINDOWS\System32\WindowsPowerShell\v1.0\;C:\WINDOWS\System32\OpenSSH\;C:\Program Files\Git\cmd;E:\Android\Sdk\platform-tools;C:\Program Files\nodejs\;C:\Users\FATHI\.local\bin;C:\Users\FATHI\AppData\Local\Microsoft\WindowsApps;C:\dafi\Visual Studio Code\Microsoft VS Code\bin;D:\dafi\Antigravity\bin;C:\Users\FATHI\AppData\Roaming\npm;C:\Users\FATHI\AppData\AndroidCLI
USERNAME=FATHI
LANG=en_US.UTF-8
TERM=xterm-256color
OS=Windows_NT
PROCESSOR_IDENTIFIER=Intel64 Family 6 Model 165 Stepping 2, GenuineIntel
TMP=C:\Users\FATHI\AppData\Local\Temp
TEMP=C:\Users\FATHI\AppData\Local\Temp




Periodic native trim disabled

JNI global refs:
JNI global refs: 13, weak refs: 2

JNI global refs memory usage: 835, weak refs: 833

Process memory usage:
Resident Set Size: 399604K (2% of 16589132K total physical memory with 1011016K free physical memory)

OOME stack traces (most recent first):
Classloader memory used:
Loader jdk.internal.loader.ClassLoaders$AppClassLoader                                 : 56779K
Loader bootstrap                                                                       : 11232K
Loader java.net.URLClassLoader                                                         : 166K

---------------  S Y S T E M  ---------------

OS:
 Windows 11 , 64 bit Build 26100 (10.0.26100.8246)
OS uptime: 0 days 10:05 hours
Hyper-V role detected

CPU: total 12 (initial active 12) (6 cores per cpu, 2 threads per core) family 6 model 165 stepping 2 microcode 0xe2, cx8, cmov, fxsr, ht, mmx, 3dnowpref, sse, sse2, sse3, ssse3, sse4.1, sse4.2, popcnt, lzcnt, tsc, tscinvbit, avx, avx2, aes, erms, clmul, bmi1, bmi2, adx, fma, vzeroupper, clflush, clflushopt, hv, rdtscp, f16c
Processor Information for the first 12 processors :
  Max Mhz: 2592, Current Mhz: 2592, Mhz Limit: 2592

Memory: 4k page, system-wide physical 16200M (997M free)
TotalPageFile size 31356M (AvailPageFile size 23M)
current process WorkingSet (physical memory assigned to process): 381M, peak: 390M
current process commit charge ("private bytes"): 426M, peak: 438M

vm_info: OpenJDK 64-Bit Server VM (21.0.8+-14196175-b1038.72) for windows-amd64 JRE (21.0.8+-14196175-b1038.72), built on 2025-10-01T10:24:33Z by "builder" with MS VC++ 16.10 / 16.11 (VS2019)

END.
