#
# There is insufficient memory for the Java Runtime Environment to continue.
# Native memory allocation (mmap) failed to map 109051904 bytes. Error detail: G1 virtual space
# Possible reasons:
#   The system is out of physical RAM or swap space
#   This process is running with CompressedOops enabled, and the Java Heap may be blocking the growth of the native heap
# Possible solutions:
#   Reduce memory load on the system
#   Increase physical memory or swap space
#   Check if swap backing store is full
#   Decrease Java heap size (-Xmx/-Xms)
#   Decrease number of Java threads
#   Decrease Java thread stack sizes (-Xss)
#   Set larger code cache with -XX:ReservedCodeCacheSize=
#   JVM is running with Zero Based Compressed Oops mode in which the Java heap is
#     placed in the first 32GB address space. The Java Heap base address is the
#     maximum limit for the native heap growth. Please use -XX:HeapBaseMinAddress
#     to set the Java Heap base and to place the Java Heap above 32GB virtual address.
# This output file may be truncated or incomplete.
#
#  Out of Memory Error (os_windows.cpp:3925), pid=14672, tid=43656
#
# JRE version: OpenJDK Runtime Environment (21.0.8) (build 21.0.8+-14196175-b1038.72)
# Java VM: OpenJDK 64-Bit Server VM (21.0.8+-14196175-b1038.72, mixed mode, tiered, compressed oops, compressed class ptrs, g1 gc, windows-amd64)
# No core dump will be written. Minidumps are not enabled by default on client versions of Windows
#

---------------  S U M M A R Y ------------

Command Line: org.jetbrains.kotlin.cli.jvm.K2JVMCompiler @D:\dafi\fida-new\fida-to-tranferv2\app\build\20260512_445720728890374857.compiler.options

Host: Intel(R) Core(TM) i7-10750H CPU @ 2.60GHz, 12 cores, 15G,  Windows 11 , 64 bit Build 26100 (10.0.26100.8246)
Time: Tue May 12 10:51:41 2026 SE Asia Standard Time elapsed time: 6.454747 seconds (0d 0h 0m 6s)

---------------  T H R E A D  ---------------

Current thread (0x0000023c21880c80):  VMThread "VM Thread"          [id=43656, stack(0x000000d9b2100000,0x000000d9b2200000) (1024K)]

Stack: [0x000000d9b2100000,0x000000d9b2200000]
Native frames: (J=compiled Java code, j=interpreted, Vv=VM code, C=native code)
V  [jvm.dll+0x6d68d9]
V  [jvm.dll+0x866693]
V  [jvm.dll+0x868c4e]
V  [jvm.dll+0x869333]
V  [jvm.dll+0x280566]
V  [jvm.dll+0x6d3195]
V  [jvm.dll+0x6c69ea]
V  [jvm.dll+0x3586db]
V  [jvm.dll+0x360336]
V  [jvm.dll+0x3b23f6]
V  [jvm.dll+0x3b26c8]
V  [jvm.dll+0x32ae6c]
V  [jvm.dll+0x32aef7]
V  [jvm.dll+0x370d3c]
V  [jvm.dll+0x36f4ee]
V  [jvm.dll+0x32a5c1]
V  [jvm.dll+0x32df96]
V  [jvm.dll+0x383b86]
V  [jvm.dll+0x86f0b8]
V  [jvm.dll+0x870434]
V  [jvm.dll+0x870970]
V  [jvm.dll+0x870c03]
V  [jvm.dll+0x80eac8]
V  [jvm.dll+0x6d512d]
C  [ucrtbase.dll+0x37b0]
C  [KERNEL32.DLL+0x2e8d7]
C  [ntdll.dll+0x8c3fc]

VM_Operation (0x000000d9b1afc1f0): CollectForMetadataAllocation, mode: safepoint, requested by thread 0x0000023c050753f0


---------------  P R O C E S S  ---------------

Threads class SMR info:
_java_thread_list=0x0000023c26ea9830, length=12, elements={
0x0000023c050753f0, 0x0000023c21917200, 0x0000023c2192ce30, 0x0000023c2192d890,
0x0000023c2192f170, 0x0000023c219317f0, 0x0000023c21933610, 0x0000023c219412d0,
0x0000023c21935890, 0x0000023c219452b0, 0x0000023c21941ff0, 0x0000023c28b82f20
}

Java Threads: ( => current thread )
  0x0000023c050753f0 JavaThread "main"                              [_thread_blocked, id=3816, stack(0x000000d9b1a00000,0x000000d9b1b00000) (1024K)]
  0x0000023c21917200 JavaThread "Common-Cleaner"             daemon [_thread_blocked, id=36604, stack(0x000000d9b2200000,0x000000d9b2300000) (1024K)]
  0x0000023c2192ce30 JavaThread "Reference Handler"          daemon [_thread_blocked, id=40272, stack(0x000000d9b2300000,0x000000d9b2400000) (1024K)]
  0x0000023c2192d890 JavaThread "Finalizer"                  daemon [_thread_blocked, id=36104, stack(0x000000d9b2400000,0x000000d9b2500000) (1024K)]
  0x0000023c2192f170 JavaThread "Signal Dispatcher"          daemon [_thread_blocked, id=44888, stack(0x000000d9b2500000,0x000000d9b2600000) (1024K)]
  0x0000023c219317f0 JavaThread "Attach Listener"            daemon [_thread_blocked, id=41828, stack(0x000000d9b2600000,0x000000d9b2700000) (1024K)]
  0x0000023c21933610 JavaThread "Service Thread"             daemon [_thread_blocked, id=33296, stack(0x000000d9b2700000,0x000000d9b2800000) (1024K)]
  0x0000023c219412d0 JavaThread "Monitor Deflation Thread"   daemon [_thread_blocked, id=42560, stack(0x000000d9b2800000,0x000000d9b2900000) (1024K)]
  0x0000023c21935890 JavaThread "C2 CompilerThread0"         daemon [_thread_blocked, id=35476, stack(0x000000d9b2900000,0x000000d9b2a00000) (1024K)]
  0x0000023c219452b0 JavaThread "C1 CompilerThread0"         daemon [_thread_blocked, id=32692, stack(0x000000d9b2a00000,0x000000d9b2b00000) (1024K)]
  0x0000023c21941ff0 JavaThread "Notification Thread"        daemon [_thread_blocked, id=35924, stack(0x000000d9b2b00000,0x000000d9b2c00000) (1024K)]
  0x0000023c28b82f20 JavaThread "C2 CompilerThread1"         daemon [_thread_blocked, id=38956, stack(0x000000d9b2c00000,0x000000d9b2d00000) (1024K)]
Total: 12

Other Threads:
=>0x0000023c21880c80 VMThread "VM Thread"                           [id=43656, stack(0x000000d9b2100000,0x000000d9b2200000) (1024K)]
  0x0000023c213cb420 WatcherThread "VM Periodic Task Thread"        [id=35260, stack(0x000000d9b2000000,0x000000d9b2100000) (1024K)]
  0x0000023c07521040 WorkerThread "GC Thread#0"                     [id=42984, stack(0x000000d9b1b00000,0x000000d9b1c00000) (1024K)]
  0x0000023c26607670 WorkerThread "GC Thread#1"                     [id=45220, stack(0x000000d9b2d00000,0x000000d9b2e00000) (1024K)]
  0x0000023c26607a10 WorkerThread "GC Thread#2"                     [id=35536, stack(0x000000d9b2e00000,0x000000d9b2f00000) (1024K)]
  0x0000023c26600410 WorkerThread "GC Thread#3"                     [id=37260, stack(0x000000d9b2f00000,0x000000d9b3000000) (1024K)]
  0x0000023c26600fc0 WorkerThread "GC Thread#4"                     [id=34252, stack(0x000000d9b3000000,0x000000d9b3100000) (1024K)]
  0x0000023c26601770 WorkerThread "GC Thread#5"                     [id=45700, stack(0x000000d9b3100000,0x000000d9b3200000) (1024K)]
  0x0000023c267129d0 WorkerThread "GC Thread#6"                     [id=31700, stack(0x000000d9b3200000,0x000000d9b3300000) (1024K)]
  0x0000023c26712d70 WorkerThread "GC Thread#7"                     [id=43936, stack(0x000000d9b3300000,0x000000d9b3400000) (1024K)]
  0x0000023c26c6cf70 WorkerThread "GC Thread#8"                     [id=45380, stack(0x000000d9b3700000,0x000000d9b3800000) (1024K)]
  0x0000023c26c6b9b0 WorkerThread "GC Thread#9"                     [id=42344, stack(0x000000d9b3600000,0x000000d9b3700000) (1024K)]
  0x0000023c07533bb0 ConcurrentGCThread "G1 Main Marker"            [id=35484, stack(0x000000d9b1c00000,0x000000d9b1d00000) (1024K)]
  0x0000023c07534e50 WorkerThread "G1 Conc#0"                       [id=27452, stack(0x000000d9b1d00000,0x000000d9b1e00000) (1024K)]
  0x0000023c26711410 WorkerThread "G1 Conc#1"                       [id=33596, stack(0x000000d9b3400000,0x000000d9b3500000) (1024K)]
  0x0000023c267117b0 WorkerThread "G1 Conc#2"                       [id=44876, stack(0x000000d9b3500000,0x000000d9b3600000) (1024K)]
  0x0000023c2129b4b0 ConcurrentGCThread "G1 Refine#0"               [id=42816, stack(0x000000d9b1e00000,0x000000d9b1f00000) (1024K)]
  0x0000023c2129ecf0 ConcurrentGCThread "G1 Service"                [id=40856, stack(0x000000d9b1f00000,0x000000d9b2000000) (1024K)]
Total: 18

Threads with active compile tasks:
C2 CompilerThread0  6507 2116       4       java.util.Collections$SetFromMap::remove (19 bytes)
C2 CompilerThread1  6507 2115   !   4       java.util.zip.ZipFile::getEntry (59 bytes)
Total: 2

VM state: at safepoint (normal execution)

VM Mutex/Monitor currently owned by a thread:  ([mutex/lock_event])
[0x00007ff9fff285b8] Threads_lock - owner thread: 0x0000023c21880c80
[0x00007ff9fff286b8] Heap_lock - owner thread: 0x0000023c050753f0

Heap address: 0x0000000702c00000, size: 4052 MB, Compressed Oops mode: Zero based, Oop shift amount: 3

CDS archive(s) not mapped
Compressed class space mapped at: 0x0000000800000000-0x0000000840000000, reserved size: 1073741824
Narrow klass base: 0x0000000800000000, Narrow klass shift: 0, Narrow klass range: 0x40000000

GC Precious Log:
 CardTable entry size: 512
 Card Set container configuration: InlinePtr #cards 4 size 8 Array Of Cards #cards 16 size 48 Howl #buckets 8 coarsen threshold 3686 Howl Bitmap #cards 512 size 80 coarsen threshold 460 Card regions per heap region 1 cards per card region 4096
 CPUs: 12 total, 12 available
 Memory: 16200M
 Large Page Support: Disabled
 NUMA Support: Disabled
 Compressed Oops: Enabled (Zero based)
 Heap Region Size: 2M
 Heap Min Capacity: 8M
 Heap Initial Capacity: 254M
 Heap Max Capacity: 4052M
 Pre-touch: Disabled
 Parallel Workers: 10
 Concurrent Workers: 3
 Concurrent Refinement Workers: 10
 Periodic GC: Disabled

Heap:
 garbage-first heap   total 47104K, used 22918K [0x0000000702c00000, 0x0000000800000000)
  region size 2048K, 1 young (2048K), 1 survivors (2048K)
 Metaspace       used 35726K, committed 35968K, reserved 1114112K
  class space    used 4398K, committed 4544K, reserved 1048576K

Heap Regions: E=young(eden), S=young(survivor), O=old, HS=humongous(starts), HC=humongous(continues), CS=collection set, F=free, TAMS=top-at-mark-start, PB=parsable bottom
|   0|0x0000000702c00000, 0x0000000702e00000, 0x0000000702e00000|100%|HS|  |TAMS 0x0000000702e00000| PB 0x0000000702c00000| Complete 
|   1|0x0000000702e00000, 0x0000000703000000, 0x0000000703000000|100%|HC|  |TAMS 0x0000000703000000| PB 0x0000000702e00000| Complete 
|   2|0x0000000703000000, 0x0000000703200000, 0x0000000703200000|100%| O|  |TAMS 0x0000000703200000| PB 0x0000000703000000| Untracked 
|   3|0x0000000703200000, 0x0000000703400000, 0x0000000703400000|100%| O|  |TAMS 0x0000000703400000| PB 0x0000000703200000| Untracked 
|   4|0x0000000703400000, 0x0000000703600000, 0x0000000703600000|100%| O|  |TAMS 0x0000000703600000| PB 0x0000000703400000| Untracked 
|   5|0x0000000703600000, 0x0000000703800000, 0x0000000703800000|100%| O|  |TAMS 0x0000000703800000| PB 0x0000000703600000| Untracked 
|   6|0x0000000703800000, 0x0000000703a00000, 0x0000000703a00000|100%| O|  |TAMS 0x0000000703a00000| PB 0x0000000703800000| Untracked 
|   7|0x0000000703a00000, 0x0000000703c00000, 0x0000000703c00000|100%| O|  |TAMS 0x0000000703c00000| PB 0x0000000703a00000| Untracked 
|   8|0x0000000703c00000, 0x0000000703e00000, 0x0000000703e00000|100%| O|  |TAMS 0x0000000703c00000| PB 0x0000000703c00000| Untracked 
|   9|0x0000000703e00000, 0x0000000703e00000, 0x0000000704000000|  0%| F|  |TAMS 0x0000000703e00000| PB 0x0000000703e00000| Untracked 
|  10|0x0000000704000000, 0x0000000704200000, 0x0000000704200000|100%| O|  |TAMS 0x0000000704200000| PB 0x0000000704000000| Untracked 
|  11|0x0000000704200000, 0x0000000704400000, 0x0000000704400000|100%| O|  |TAMS 0x00000007043f7cb0| PB 0x0000000704200000| Untracked 
|  12|0x0000000704400000, 0x0000000704400000, 0x0000000704600000|  0%| F|  |TAMS 0x0000000704400000| PB 0x0000000704400000| Untracked 
|  13|0x0000000704600000, 0x0000000704600000, 0x0000000704800000|  0%| F|  |TAMS 0x0000000704600000| PB 0x0000000704600000| Untracked 
|  14|0x0000000704800000, 0x0000000704800000, 0x0000000704a00000|  0%| F|  |TAMS 0x0000000704800000| PB 0x0000000704800000| Untracked 
|  15|0x0000000704a00000, 0x0000000704a00000, 0x0000000704c00000|  0%| F|  |TAMS 0x0000000704a00000| PB 0x0000000704a00000| Untracked 
|  16|0x0000000704c00000, 0x0000000704c00000, 0x0000000704e00000|  0%| F|  |TAMS 0x0000000704c00000| PB 0x0000000704c00000| Untracked 
|  17|0x0000000704e00000, 0x0000000704e00000, 0x0000000705000000|  0%| F|  |TAMS 0x0000000704e00000| PB 0x0000000704e00000| Untracked 
|  18|0x0000000705000000, 0x0000000705000000, 0x0000000705200000|  0%| F|  |TAMS 0x0000000705000000| PB 0x0000000705000000| Untracked 
| 110|0x0000000710800000, 0x0000000710861a00, 0x0000000710a00000| 19%| S|CS|TAMS 0x0000000710800000| PB 0x0000000710800000| Complete 
| 111|0x0000000710a00000, 0x0000000710a00000, 0x0000000710c00000|  0%| F|  |TAMS 0x0000000710a00000| PB 0x0000000710a00000| Untracked 
| 112|0x0000000710c00000, 0x0000000710c00000, 0x0000000710e00000|  0%| F|  |TAMS 0x0000000710c00000| PB 0x0000000710c00000| Untracked 
| 126|0x0000000712800000, 0x0000000712800000, 0x0000000712a00000|  0%| F|  |TAMS 0x0000000712800000| PB 0x0000000712800000| Untracked 

Card table byte_map: [0x0000023c1a350000,0x0000023c1ab40000] _byte_map_base: 0x0000023c16b3a000

Marking Bits: (CMBitMap*) 0x0000023c07521740
 Bits: [0x0000023c1ab40000, 0x0000023c1ea90000)

Polling page: 0x0000023c05290000

Metaspace:

Usage:
  Non-class:     30.59 MB used.
      Class:      4.30 MB used.
       Both:     34.89 MB used.

Virtual space:
  Non-class space:       64.00 MB reserved,      30.69 MB ( 48%) committed,  1 nodes.
      Class space:        1.00 GB reserved,       4.44 MB ( <1%) committed,  1 nodes.
             Both:        1.06 GB reserved,      35.12 MB (  3%) committed. 

Chunk freelists:
   Non-Class:  640.00 KB
       Class:  11.55 MB
        Both:  12.17 MB

MaxMetaspaceSize: unlimited
CompressedClassSpaceSize: 1.00 GB
Initial GC threshold: 21.00 MB
Current GC threshold: 35.12 MB
CDS: off
 - commit_granule_bytes: 65536.
 - commit_granule_words: 8192.
 - virtual_space_node_default_size: 8388608.
 - enlarge_chunks_in_place: 1.
 - use_allocation_guard: 0.


Internal statistics:

num_allocs_failed_limit: 6.
num_arena_births: 182.
num_arena_deaths: 0.
num_vsnodes_births: 2.
num_vsnodes_deaths: 0.
num_space_committed: 562.
num_space_uncommitted: 0.
num_chunks_returned_to_freelist: 6.
num_chunks_taken_from_freelist: 1124.
num_chunk_merges: 6.
num_chunk_splits: 935.
num_chunks_enlarged: 843.
num_inconsistent_stats: 0.

CodeHeap 'non-profiled nmethods': size=120000Kb used=906Kb max_used=906Kb free=119093Kb
 bounds [0x0000023c120e0000, 0x0000023c12350000, 0x0000023c19610000]
CodeHeap 'profiled nmethods': size=120000Kb used=3748Kb max_used=3748Kb free=116251Kb
 bounds [0x0000023c0a610000, 0x0000023c0a9c0000, 0x0000023c11b40000]
CodeHeap 'non-nmethods': size=5760Kb used=1436Kb max_used=1519Kb free=4323Kb
 bounds [0x0000023c11b40000, 0x0000023c11db0000, 0x0000023c120e0000]
CodeCache: size=245760Kb, used=6090Kb, max_used=6173Kb, free=239667Kb
 total_blobs=2655, nmethods=2114, adapters=446, full_count=0
Compilation: enabled, stopped_count=0, restarted_count=0

Compilation events (20 events):
Event: 4.308 Thread 0x0000023c219452b0 2108       3       jdk.internal.org.objectweb.asm.SymbolTable::<init> (41 bytes)
Event: 4.308 Thread 0x0000023c219452b0 nmethod 2108 0x0000023c0a9b6590 code [0x0000023c0a9b6760, 0x0000023c0a9b6ce8]
Event: 4.313 Thread 0x0000023c219452b0 2109       3       java.lang.Class::getDeclaringClass (31 bytes)
Event: 4.313 Thread 0x0000023c219452b0 nmethod 2109 0x0000023c0a9b6e10 code [0x0000023c0a9b6fe0, 0x0000023c0a9b7228]
Event: 4.314 Thread 0x0000023c28b82f20 nmethod 2077 0x0000023c121bbf10 code [0x0000023c121bc200, 0x0000023c121bd6c0]
Event: 4.315 Thread 0x0000023c28b82f20 2110       4       java.lang.ref.SoftReference::get (29 bytes)
Event: 4.315 Thread 0x0000023c219452b0 2111       1       org.jetbrains.kotlin.fir.FirSession::getTypeRegistry (5 bytes)
Event: 4.315 Thread 0x0000023c219452b0 nmethod 2111 0x0000023c121be490 code [0x0000023c121be620, 0x0000023c121be6f0]
Event: 4.316 Thread 0x0000023c28b82f20 nmethod 2110 0x0000023c121be790 code [0x0000023c121be920, 0x0000023c121bea38]
Event: 4.316 Thread 0x0000023c28b82f20 2094       4       jdk.internal.ref.CleanerFactory::cleaner (4 bytes)
Event: 4.316 Thread 0x0000023c28b82f20 nmethod 2094 0x0000023c121beb10 code [0x0000023c121beca0, 0x0000023c121bed10]
Event: 4.321 Thread 0x0000023c21935890 nmethod 2092 0x0000023c121bee10 code [0x0000023c121bf080, 0x0000023c121c02a0]
Event: 4.343 Thread 0x0000023c219452b0 2112   !   3       java.lang.ref.ReferenceQueue::poll (40 bytes)
Event: 4.344 Thread 0x0000023c219452b0 nmethod 2112 0x0000023c0a9b7310 code [0x0000023c0a9b7580, 0x0000023c0a9b7ff8]
Event: 4.344 Thread 0x0000023c219452b0 2113   !   3       java.util.WeakHashMap::expungeStaleEntries (139 bytes)
Event: 4.345 Thread 0x0000023c219452b0 nmethod 2113 0x0000023c0a9b8390 code [0x0000023c0a9b85a0, 0x0000023c0a9b8e28]
Event: 4.385 Thread 0x0000023c21935890 2114       4       java.util.zip.ZipFile$Source::getEntryPos (164 bytes)
Event: 4.393 Thread 0x0000023c28b82f20 2115   !   4       java.util.zip.ZipFile::getEntry (59 bytes)
Event: 4.409 Thread 0x0000023c21935890 nmethod 2114 0x0000023c121c0d10 code [0x0000023c121c0f80, 0x0000023c121c1d98]
Event: 4.412 Thread 0x0000023c21935890 2116       4       java.util.Collections$SetFromMap::remove (19 bytes)

GC Heap History (13 events):
Event: 1.223 GC heap before
{Heap before GC invocations=0 (full 0):
 garbage-first heap   total 260096K, used 24576K [0x0000000702c00000, 0x0000000800000000)
  region size 2048K, 11 young (22528K), 0 survivors (0K)
 Metaspace       used 13620K, committed 13760K, reserved 1114112K
  class space    used 1281K, committed 1344K, reserved 1048576K
}
Event: 1.226 GC heap after
{Heap after GC invocations=1 (full 0):
 garbage-first heap   total 260096K, used 6943K [0x0000000702c00000, 0x0000000800000000)
  region size 2048K, 2 young (4096K), 2 survivors (4096K)
 Metaspace       used 13620K, committed 13760K, reserved 1114112K
  class space    used 1281K, committed 1344K, reserved 1048576K
}
Event: 1.819 GC heap before
{Heap before GC invocations=1 (full 0):
 garbage-first heap   total 260096K, used 27423K [0x0000000702c00000, 0x0000000800000000)
  region size 2048K, 14 young (28672K), 2 survivors (4096K)
 Metaspace       used 21266K, committed 21504K, reserved 1114112K
  class space    used 2230K, committed 2368K, reserved 1048576K
}
Event: 1.823 GC heap after
{Heap after GC invocations=2 (full 0):
 garbage-first heap   total 260096K, used 8553K [0x0000000702c00000, 0x0000000800000000)
  region size 2048K, 3 young (6144K), 3 survivors (6144K)
 Metaspace       used 21266K, committed 21504K, reserved 1114112K
  class space    used 2230K, committed 2368K, reserved 1048576K
}
Event: 2.682 GC heap before
{Heap before GC invocations=3 (full 0):
 garbage-first heap   total 34816K, used 33129K [0x0000000702c00000, 0x0000000800000000)
  region size 2048K, 15 young (30720K), 3 survivors (6144K)
 Metaspace       used 25105K, committed 25344K, reserved 1114112K
  class space    used 2723K, committed 2816K, reserved 1048576K
}
Event: 2.695 GC heap after
{Heap after GC invocations=4 (full 0):
 garbage-first heap   total 47104K, used 15512K [0x0000000702c00000, 0x0000000800000000)
  region size 2048K, 6 young (12288K), 6 survivors (12288K)
 Metaspace       used 25105K, committed 25344K, reserved 1114112K
  class space    used 2723K, committed 2816K, reserved 1048576K
}
Event: 3.078 GC heap before
{Heap before GC invocations=4 (full 0):
 garbage-first heap   total 47104K, used 27800K [0x0000000702c00000, 0x0000000800000000)
  region size 2048K, 13 young (26624K), 6 survivors (12288K)
 Metaspace       used 26753K, committed 27008K, reserved 1114112K
  class space    used 2929K, committed 3072K, reserved 1048576K
}
Event: 3.100 GC heap after
{Heap after GC invocations=5 (full 0):
 garbage-first heap   total 47104K, used 19206K [0x0000000702c00000, 0x0000000800000000)
  region size 2048K, 2 young (4096K), 2 survivors (4096K)
 Metaspace       used 26753K, committed 27008K, reserved 1114112K
  class space    used 2929K, committed 3072K, reserved 1048576K
}
Event: 3.702 GC heap before
{Heap before GC invocations=5 (full 0):
 garbage-first heap   total 47104K, used 31494K [0x0000000702c00000, 0x0000000800000000)
  region size 2048K, 9 young (18432K), 2 survivors (4096K)
 Metaspace       used 31297K, committed 31552K, reserved 1114112K
  class space    used 3668K, committed 3776K, reserved 1048576K
}
Event: 3.712 GC heap after
{Heap after GC invocations=6 (full 0):
 garbage-first heap   total 47104K, used 20518K [0x0000000702c00000, 0x0000000800000000)
  region size 2048K, 1 young (2048K), 1 survivors (2048K)
 Metaspace       used 31297K, committed 31552K, reserved 1114112K
  class space    used 3668K, committed 3776K, reserved 1048576K
}
Event: 4.249 GC heap before
{Heap before GC invocations=6 (full 0):
 garbage-first heap   total 47104K, used 34854K [0x0000000702c00000, 0x0000000800000000)
  region size 2048K, 8 young (16384K), 1 survivors (2048K)
 Metaspace       used 34433K, committed 34688K, reserved 1114112K
  class space    used 4257K, committed 4352K, reserved 1048576K
}
Event: 4.257 GC heap after
{Heap after GC invocations=7 (full 0):
 garbage-first heap   total 47104K, used 22495K [0x0000000702c00000, 0x0000000800000000)
  region size 2048K, 1 young (2048K), 1 survivors (2048K)
 Metaspace       used 34433K, committed 34688K, reserved 1114112K
  class space    used 4257K, committed 4352K, reserved 1048576K
}
Event: 4.432 GC heap before
{Heap before GC invocations=7 (full 0):
 garbage-first heap   total 47104K, used 26591K [0x0000000702c00000, 0x0000000800000000)
  region size 2048K, 4 young (8192K), 1 survivors (2048K)
 Metaspace       used 35726K, committed 35968K, reserved 1114112K
  class space    used 4398K, committed 4544K, reserved 1048576K
}

Dll operation events (3 events):
Event: 0.014 Loaded shared library C:\Program Files\Android\Android Studio\jbr\bin\java.dll
Event: 0.024 Loaded shared library C:\Program Files\Android\Android Studio\jbr\bin\zip.dll
Event: 2.805 Loaded shared library C:\Program Files\Android\Android Studio\jbr\bin\verify.dll

Deoptimization events (20 events):
Event: 3.859 Thread 0x0000023c050753f0 Uncommon trap: trap_request=0xffffffc6 fr.pc=0x0000023c12185524 relative=0x00000000000006c4
Event: 3.859 Thread 0x0000023c050753f0 Uncommon trap: reason=bimorphic_or_optimized_type_check action=maybe_recompile pc=0x0000023c12185524 method=java.util.HashMap.getNode(Ljava/lang/Object;)Ljava/util/HashMap$Node; @ 63 c2
Event: 3.859 Thread 0x0000023c050753f0 DEOPT PACKING pc=0x0000023c12185524 sp=0x000000d9b1afc210
Event: 3.859 Thread 0x0000023c050753f0 DEOPT UNPACKING pc=0x0000023c11b946a2 sp=0x000000d9b1afc138 mode 2
Event: 3.860 Thread 0x0000023c050753f0 Uncommon trap: trap_request=0xffffff45 fr.pc=0x0000023c1211b860 relative=0x00000000000002a0
Event: 3.860 Thread 0x0000023c050753f0 Uncommon trap: reason=unstable_if action=reinterpret pc=0x0000023c1211b860 method=java.util.concurrent.ConcurrentHashMap.get(Ljava/lang/Object;)Ljava/lang/Object; @ 76 c2
Event: 3.860 Thread 0x0000023c050753f0 DEOPT PACKING pc=0x0000023c1211b860 sp=0x000000d9b1afb7c0
Event: 3.860 Thread 0x0000023c050753f0 DEOPT UNPACKING pc=0x0000023c11b946a2 sp=0x000000d9b1afb738 mode 2
Event: 4.088 Thread 0x0000023c050753f0 Uncommon trap: trap_request=0xffffff45 fr.pc=0x0000023c1219de18 relative=0x0000000000000158
Event: 4.088 Thread 0x0000023c050753f0 Uncommon trap: reason=unstable_if action=reinterpret pc=0x0000023c1219de18 method=org.jetbrains.kotlin.protobuf.CodedInputStream.readRawVarint32()I @ 69 c2
Event: 4.088 Thread 0x0000023c050753f0 DEOPT PACKING pc=0x0000023c1219de18 sp=0x000000d9b1afdd20
Event: 4.088 Thread 0x0000023c050753f0 DEOPT UNPACKING pc=0x0000023c11b946a2 sp=0x000000d9b1afdca8 mode 2
Event: 4.258 Thread 0x0000023c21917200 Uncommon trap: trap_request=0xffffff45 fr.pc=0x0000023c121445c4 relative=0x00000000000000a4
Event: 4.258 Thread 0x0000023c21917200 Uncommon trap: reason=unstable_if action=reinterpret pc=0x0000023c121445c4 method=java.lang.ref.ReferenceQueue.poll()Ljava/lang/ref/Reference; @ 4 c2
Event: 4.258 Thread 0x0000023c21917200 DEOPT PACKING pc=0x0000023c121445c4 sp=0x000000d9b22ff150
Event: 4.258 Thread 0x0000023c21917200 DEOPT UNPACKING pc=0x0000023c11b946a2 sp=0x000000d9b22ff040 mode 2
Event: 4.258 Thread 0x0000023c21917200 Uncommon trap: trap_request=0xffffff45 fr.pc=0x0000023c12142a94 relative=0x0000000000000074
Event: 4.258 Thread 0x0000023c21917200 Uncommon trap: reason=unstable_if action=reinterpret pc=0x0000023c12142a94 method=java.lang.ref.ReferenceQueue.poll()Ljava/lang/ref/Reference; @ 4 c2
Event: 4.258 Thread 0x0000023c21917200 DEOPT PACKING pc=0x0000023c12142a94 sp=0x000000d9b22ff0b0
Event: 4.258 Thread 0x0000023c21917200 DEOPT UNPACKING pc=0x0000023c11b946a2 sp=0x000000d9b22ff040 mode 2

Classes loaded (20 events):
Event: 3.063 Loading class java/lang/invoke/VarHandleByteArrayAsLongs$ByteArrayViewVarHandle done
Event: 3.063 Loading class java/lang/invoke/VarHandleByteArrayAsLongs$ArrayHandle done
Event: 3.063 Loading class java/lang/invoke/VarHandleByteArrayAsDoubles$ArrayHandle
Event: 3.064 Loading class java/lang/invoke/VarHandleByteArrayAsDoubles$ByteArrayViewVarHandle
Event: 3.064 Loading class java/lang/invoke/VarHandleByteArrayAsDoubles$ByteArrayViewVarHandle done
Event: 3.064 Loading class java/lang/invoke/VarHandleByteArrayAsDoubles$ArrayHandle done
Event: 3.286 Loading class java/util/Collections$SingletonMap
Event: 3.287 Loading class java/util/Collections$SingletonMap done
Event: 3.859 Loading class jdk/internal/vm/annotation/IntrinsicCandidate
Event: 3.860 Loading class jdk/internal/vm/annotation/IntrinsicCandidate done
Event: 3.906 Loading class java/lang/annotation/Documented
Event: 3.906 Loading class java/lang/annotation/Documented done
Event: 4.117 Loading class java/util/LinkedList
Event: 4.117 Loading class java/util/AbstractSequentialList
Event: 4.117 Loading class java/util/AbstractSequentialList done
Event: 4.118 Loading class java/util/LinkedList done
Event: 4.119 Loading class java/util/LinkedList$Node
Event: 4.119 Loading class java/util/LinkedList$Node done
Event: 4.120 Loading class java/util/LinkedList$ListItr
Event: 4.121 Loading class java/util/LinkedList$ListItr done

Classes unloaded (0 events):
No events

Classes redefined (0 events):
No events

Internal exceptions (20 events):
Event: 1.630 Thread 0x0000023c050753f0 Exception <a 'java/lang/NoSuchMethodError'{0x00000007118e3810}: 'java.lang.Object java.lang.invoke.DirectMethodHandle$Holder.invokeSpecial(java.lang.Object, java.lang.Object, java.lang.Object, java.lang.Object, long)'> (0x00000007118e3810) 
thrown [s\src\hotspot\share\interpreter\linkResolver.cpp, line 784]
Event: 1.631 Thread 0x0000023c050753f0 Exception <a 'java/lang/NoSuchMethodError'{0x00000007118f24a8}: 'int java.lang.invoke.DelegatingMethodHandle$Holder.reinvoke_L(java.lang.Object, java.lang.Object, java.lang.Object, long, java.lang.Object, java.lang.Object)'> (0x00000007118f24a8) 
thrown [s\src\hotspot\share\interpreter\linkResolver.cpp, line 784]
Event: 1.632 Thread 0x0000023c050753f0 Exception <a 'java/lang/NoSuchMethodError'{0x0000000711900a10}: 'int java.lang.invoke.DelegatingMethodHandle$Holder.reinvoke_L(java.lang.Object, java.lang.Object, java.lang.Object, long, int, int)'> (0x0000000711900a10) 
thrown [s\src\hotspot\share\interpreter\linkResolver.cpp, line 784]
Event: 1.634 Thread 0x0000023c050753f0 Exception <a 'java/lang/NoSuchMethodError'{0x000000071190ebe0}: 'int java.lang.invoke.DelegatingMethodHandle$Holder.reinvoke_L(java.lang.Object, java.lang.Object, java.lang.Object, long, long, long)'> (0x000000071190ebe0) 
thrown [s\src\hotspot\share\interpreter\linkResolver.cpp, line 784]
Event: 1.635 Thread 0x0000023c050753f0 Exception <a 'java/lang/NoSuchMethodError'{0x000000071191cde0}: 'int java.lang.invoke.DelegatingMethodHandle$Holder.reinvoke_L(java.lang.Object, java.lang.Object, java.lang.Object, long, int)'> (0x000000071191cde0) 
thrown [s\src\hotspot\share\interpreter\linkResolver.cpp, line 784]
Event: 1.636 Thread 0x0000023c050753f0 Exception <a 'java/lang/NoSuchMethodError'{0x00000007119282e0}: 'int java.lang.invoke.DirectMethodHandle$Holder.invokeSpecial(java.lang.Object, java.lang.Object, java.lang.Object, java.lang.Object)'> (0x00000007119282e0) 
thrown [s\src\hotspot\share\interpreter\linkResolver.cpp, line 784]
Event: 1.637 Thread 0x0000023c050753f0 Exception <a 'java/lang/NoSuchMethodError'{0x0000000711936ea0}: 'void java.lang.invoke.DelegatingMethodHandle$Holder.reinvoke_L(java.lang.Object, java.lang.Object, java.lang.Object, long, java.lang.Object, long, long)'> (0x0000000711936ea0) 
thrown [s\src\hotspot\share\interpreter\linkResolver.cpp, line 784]
Event: 1.638 Thread 0x0000023c050753f0 Exception <a 'java/lang/NoSuchMethodError'{0x000000071193dca0}: 'long java.lang.invoke.Invokers$Holder.invokeExact_MT(java.lang.Object, java.lang.Object, java.lang.Object)'> (0x000000071193dca0) 
thrown [s\src\hotspot\share\interpreter\linkResolver.cpp, line 784]
Event: 1.638 Thread 0x0000023c050753f0 Exception <a 'java/lang/NoSuchMethodError'{0x0000000711941bd8}: 'int java.lang.invoke.Invokers$Holder.invokeExact_MT(java.lang.Object, java.lang.Object, java.lang.Object)'> (0x0000000711941bd8) 
thrown [s\src\hotspot\share\interpreter\linkResolver.cpp, line 784]
Event: 1.688 Thread 0x0000023c050753f0 Exception <a 'java/lang/NoSuchMethodError'{0x0000000711705208}: 'int java.lang.invoke.DirectMethodHandle$Holder.invokeStatic(java.lang.Object)'> (0x0000000711705208) 
thrown [s\src\hotspot\share\interpreter\linkResolver.cpp, line 784]
Event: 1.688 Thread 0x0000023c050753f0 Exception <a 'java/lang/NoSuchMethodError'{0x0000000711708650}: 'int java.lang.invoke.DirectMethodHandle$Holder.invokeStaticInit(java.lang.Object)'> (0x0000000711708650) 
thrown [s\src\hotspot\share\interpreter\linkResolver.cpp, line 784]
Event: 1.695 Thread 0x0000023c050753f0 Exception <a 'java/lang/NoSuchMethodError'{0x0000000711736598}: 'java.lang.Object java.lang.invoke.DirectMethodHandle$Holder.newInvokeSpecial(java.lang.Object, java.lang.Object, int)'> (0x0000000711736598) 
thrown [s\src\hotspot\share\interpreter\linkResolver.cpp, line 784]
Event: 1.854 Thread 0x0000023c050753f0 Exception <a 'java/lang/NoSuchMethodError'{0x00000007128b4da8}: 'void java.lang.invoke.DirectMethodHandle$Holder.invokeStatic(java.lang.Object, java.lang.Object, java.lang.Object, java.lang.Object)'> (0x00000007128b4da8) 
thrown [s\src\hotspot\share\interpreter\linkResolver.cpp, line 784]
Event: 2.168 Thread 0x0000023c050753f0 Exception <a 'java/lang/NoSuchMethodError'{0x0000000703e7f000}: 'void java.lang.invoke.Invokers$Holder.invokeExact_MT(java.lang.Object, int, java.lang.Object)'> (0x0000000703e7f000) 
thrown [s\src\hotspot\share\interpreter\linkResolver.cpp, line 784]
Event: 2.274 Thread 0x0000023c050753f0 Exception <a 'java/lang/NoSuchMethodError'{0x0000000703cd6d50}: 'java.lang.Object java.lang.invoke.DirectMethodHandle$Holder.invokeStatic(java.lang.Object, java.lang.Object, long, long)'> (0x0000000703cd6d50) 
thrown [s\src\hotspot\share\interpreter\linkResolver.cpp, line 784]
Event: 2.290 Thread 0x0000023c050753f0 Exception <a 'java/lang/NoSuchMethodError'{0x0000000703d00a28}: 'long java.lang.invoke.DirectMethodHandle$Holder.invokeStatic(java.lang.Object, java.lang.Object, int)'> (0x0000000703d00a28) 
thrown [s\src\hotspot\share\interpreter\linkResolver.cpp, line 784]
Event: 2.292 Thread 0x0000023c050753f0 Exception <a 'java/lang/NoSuchMethodError'{0x0000000703d0ba10}: 'java.lang.Object java.lang.invoke.DelegatingMethodHandle$Holder.reinvoke_L(java.lang.Object, int, long, java.lang.Object, java.lang.Object, int, java.lang.Object)'> (0x0000000703d0ba10) 
thrown [s\src\hotspot\share\interpreter\linkResolver.cpp, line 784]
Event: 2.307 Thread 0x0000023c050753f0 Exception <a 'java/lang/NoSuchMethodError'{0x0000000703d4d780}: 'java.lang.Object java.lang.invoke.DirectMethodHandle$Holder.newInvokeSpecial(java.lang.Object, java.lang.Object, java.lang.Object, long)'> (0x0000000703d4d780) 
thrown [s\src\hotspot\share\interpreter\linkResolver.cpp, line 784]
Event: 2.307 Thread 0x0000023c050753f0 Exception <a 'java/lang/NoSuchMethodError'{0x0000000703d51330}: 'java.lang.Object java.lang.invoke.Invokers$Holder.linkToTargetMethod(java.lang.Object, java.lang.Object, long, java.lang.Object)'> (0x0000000703d51330) 
thrown [s\src\hotspot\share\interpreter\linkResolver.cpp, line 784]
Event: 3.247 Thread 0x0000023c050753f0 Exception <a 'java/lang/NoSuchMethodError'{0x0000000710dbb6b8}: 'java.lang.Object java.lang.invoke.DirectMethodHandle$Holder.newInvokeSpecial(java.lang.Object, java.lang.Object, java.lang.Object, java.lang.Object, java.lang.Object, java.lang.Object, java.lang.Object)'> (0x0000000710dbb6b8) 
thrown [s\src\hotspot\share\interpreter\linkResolver.cpp, line 784]

ZGC Phase Switch (0 events):
No events

VM Operations (20 events):
Event: 2.299 Executing VM operation: HandshakeAllThreads (Deoptimize) done
Event: 2.682 Executing VM operation: G1CollectForAllocation (G1 Evacuation Pause)
Event: 2.696 Executing VM operation: G1CollectForAllocation (G1 Evacuation Pause) done
Event: 2.753 Executing VM operation: HandshakeAllThreads (Deoptimize)
Event: 2.753 Executing VM operation: HandshakeAllThreads (Deoptimize) done
Event: 2.753 Executing VM operation: HandshakeAllThreads (Deoptimize)
Event: 2.753 Executing VM operation: HandshakeAllThreads (Deoptimize) done
Event: 3.008 Executing VM operation: HandshakeAllThreads (Deoptimize)
Event: 3.008 Executing VM operation: HandshakeAllThreads (Deoptimize) done
Event: 3.008 Executing VM operation: HandshakeAllThreads (Deoptimize)
Event: 3.008 Executing VM operation: HandshakeAllThreads (Deoptimize) done
Event: 3.078 Executing VM operation: G1CollectForAllocation (G1 Evacuation Pause)
Event: 3.100 Executing VM operation: G1CollectForAllocation (G1 Evacuation Pause) done
Event: 3.702 Executing VM operation: G1CollectForAllocation (G1 Evacuation Pause)
Event: 3.712 Executing VM operation: G1CollectForAllocation (G1 Evacuation Pause) done
Event: 4.118 Executing VM operation: HandshakeAllThreads (Deoptimize)
Event: 4.118 Executing VM operation: HandshakeAllThreads (Deoptimize) done
Event: 4.249 Executing VM operation: G1CollectForAllocation (G1 Evacuation Pause)
Event: 4.257 Executing VM operation: G1CollectForAllocation (G1 Evacuation Pause) done
Event: 4.432 Executing VM operation: CollectForMetadataAllocation (Metadata GC Threshold)

Memory protections (0 events):
No events

Nmethod flushes (0 events):
No events

Events (20 events):
Event: 0.116 Thread 0x0000023c050753f0 Thread added: 0x0000023c21935890
Event: 0.116 Thread 0x0000023c050753f0 Thread added: 0x0000023c219452b0
Event: 0.203 Thread 0x0000023c050753f0 Thread added: 0x0000023c21941ff0
Event: 0.230 Loaded shared library C:\Program Files\Android\Android Studio\jbr\bin\net.dll
Event: 0.234 Loaded shared library C:\Program Files\Android\Android Studio\jbr\bin\nio.dll
Event: 0.272 Thread 0x0000023c21935890 Thread added: 0x0000023c21af8940
Event: 0.298 Loaded shared library C:\Program Files\Android\Android Studio\jbr\bin\zip.dll
Event: 0.375 Loaded shared library C:\Program Files\Android\Android Studio\jbr\bin\jimage.dll
Event: 0.520 Thread 0x0000023c21af8940 Thread exited: 0x0000023c21af8940
Event: 0.650 Thread 0x0000023c21935890 Thread added: 0x0000023c261791d0
Event: 0.650 Thread 0x0000023c21935890 Thread added: 0x0000023c26179880
Event: 1.094 Thread 0x0000023c26179880 Thread exited: 0x0000023c26179880
Event: 2.193 Thread 0x0000023c261791d0 Thread exited: 0x0000023c261791d0
Event: 2.312 Thread 0x0000023c219452b0 Thread added: 0x0000023c27149140
Event: 2.376 Thread 0x0000023c27149140 Thread added: 0x0000023c26f9e460
Event: 2.750 Thread 0x0000023c26f9e460 Thread exited: 0x0000023c26f9e460
Event: 3.371 Thread 0x0000023c27149140 Thread exited: 0x0000023c27149140
Event: 3.722 Thread 0x0000023c219452b0 Thread added: 0x0000023c28087900
Event: 3.838 Thread 0x0000023c28087900 Thread exited: 0x0000023c28087900
Event: 3.879 Thread 0x0000023c219452b0 Thread added: 0x0000023c28b82f20


Dynamic libraries:
0x00007ff7d5170000 - 0x00007ff7d517a000 	C:\Program Files\Android\Android Studio\jbr\bin\java.exe
0x00007ffa2d7a0000 - 0x00007ffa2da07000 	C:\WINDOWS\SYSTEM32\ntdll.dll
0x00007ffa2c200000 - 0x00007ffa2c2c9000 	C:\WINDOWS\System32\KERNEL32.DLL
0x00007ffa2a070000 - 0x00007ffa2a464000 	C:\WINDOWS\System32\KERNELBASE.dll
0x00007ffa2b0f0000 - 0x00007ffa2b23b000 	C:\WINDOWS\System32\ucrtbase.dll
0x00007ffa08d10000 - 0x00007ffa08d28000 	C:\Program Files\Android\Android Studio\jbr\bin\jli.dll
0x00007ffa25a50000 - 0x00007ffa25a6b000 	C:\Program Files\Android\Android Studio\jbr\bin\VCRUNTIME140.dll
0x00007ffa2d510000 - 0x00007ffa2d6d5000 	C:\WINDOWS\System32\USER32.dll
0x00007ffa2a470000 - 0x00007ffa2a497000 	C:\WINDOWS\System32\win32u.dll
0x00007ffa177a0000 - 0x00007ffa17a33000 	C:\WINDOWS\WinSxS\amd64_microsoft.windows.common-controls_6595b64144ccf1df_6.0.26100.8115_none_3e075c82e3354f9c\COMCTL32.dll
0x00007ffa2c360000 - 0x00007ffa2c409000 	C:\WINDOWS\System32\msvcrt.dll
0x00007ffa2b630000 - 0x00007ffa2b65b000 	C:\WINDOWS\System32\GDI32.dll
0x00007ffa2ad10000 - 0x00007ffa2ae3b000 	C:\WINDOWS\System32\gdi32full.dll
0x00007ffa2b300000 - 0x00007ffa2b3a3000 	C:\WINDOWS\System32\msvcp_win.dll
0x00007ffa2c7d0000 - 0x00007ffa2c802000 	C:\WINDOWS\System32\IMM32.DLL
0x00007ffa25b40000 - 0x00007ffa25b4c000 	C:\Program Files\Android\Android Studio\jbr\bin\vcruntime140_1.dll
0x00007ff9bbdc0000 - 0x00007ff9bbe4d000 	C:\Program Files\Android\Android Studio\jbr\bin\msvcp140.dll
0x00007ff9ff370000 - 0x00007ffa00006000 	C:\Program Files\Android\Android Studio\jbr\bin\server\jvm.dll
0x00007ffa2c810000 - 0x00007ffa2c8c6000 	C:\WINDOWS\System32\ADVAPI32.dll
0x00007ffa2cca0000 - 0x00007ffa2cd47000 	C:\WINDOWS\System32\sechost.dll
0x00007ffa2bb50000 - 0x00007ffa2bc68000 	C:\WINDOWS\System32\RPCRT4.dll
0x00007ffa2c2d0000 - 0x00007ffa2c350000 	C:\WINDOWS\System32\WS2_32.dll
0x00007ffa29ed0000 - 0x00007ffa29f2e000 	C:\WINDOWS\SYSTEM32\POWRPROF.dll
0x00007ffa1a400000 - 0x00007ffa1a436000 	C:\WINDOWS\SYSTEM32\WINMM.dll
0x00007ffa23c80000 - 0x00007ffa23c8b000 	C:\WINDOWS\SYSTEM32\VERSION.dll
0x00007ffa29eb0000 - 0x00007ffa29ec4000 	C:\WINDOWS\SYSTEM32\UMPDC.dll
0x00007ffa28dd0000 - 0x00007ffa28deb000 	C:\WINDOWS\SYSTEM32\kernel.appcore.dll
0x00007ffa25ae0000 - 0x00007ffa25aea000 	C:\Program Files\Android\Android Studio\jbr\bin\jimage.dll
0x00007ffa182d0000 - 0x00007ffa18512000 	C:\WINDOWS\SYSTEM32\DBGHELP.DLL
0x00007ffa2c410000 - 0x00007ffa2c792000 	C:\WINDOWS\System32\combase.dll
0x00007ffa2ba60000 - 0x00007ffa2bb38000 	C:\WINDOWS\System32\OLEAUT32.dll
0x00007ffa07a60000 - 0x00007ffa07a9b000 	C:\WINDOWS\SYSTEM32\dbgcore.DLL
0x00007ffa2ae40000 - 0x00007ffa2aee5000 	C:\WINDOWS\System32\bcryptPrimitives.dll
0x00007ffa1ae90000 - 0x00007ffa1aeb0000 	C:\Program Files\Android\Android Studio\jbr\bin\java.dll
0x00007ffa18920000 - 0x00007ffa18938000 	C:\Program Files\Android\Android Studio\jbr\bin\zip.dll
0x00007ffa2cd50000 - 0x00007ffa2d4b7000 	C:\WINDOWS\System32\SHELL32.dll
0x00007ffa2af80000 - 0x00007ffa2b0ea000 	C:\WINDOWS\System32\wintypes.dll
0x00007ffa2a4a0000 - 0x00007ffa2ad08000 	C:\WINDOWS\System32\windows.storage.dll
0x00007ffa2c930000 - 0x00007ffa2ca28000 	C:\WINDOWS\System32\SHCORE.dll
0x00007ffa2bc70000 - 0x00007ffa2bcd6000 	C:\WINDOWS\System32\shlwapi.dll
0x00007ffa29f90000 - 0x00007ffa29fb9000 	C:\WINDOWS\SYSTEM32\profapi.dll
0x00007ffa1bf80000 - 0x00007ffa1bf90000 	C:\Program Files\Android\Android Studio\jbr\bin\net.dll
0x00007ffa22210000 - 0x00007ffa2233d000 	C:\WINDOWS\SYSTEM32\WINHTTP.dll
0x00007ffa29350000 - 0x00007ffa293bc000 	C:\WINDOWS\system32\mswsock.dll
0x00007ffa16f00000 - 0x00007ffa16f16000 	C:\Program Files\Android\Android Studio\jbr\bin\nio.dll
0x00007ffa16cc0000 - 0x00007ffa16cd0000 	C:\Program Files\Android\Android Studio\jbr\bin\verify.dll

JVMTI agents: none

dbghelp: loaded successfully - version: 4.0.5 - missing functions: none
symbol engine: initialized successfully - sym options: 0x614 - pdb path: .;C:\Program Files\Android\Android Studio\jbr\bin;C:\WINDOWS\SYSTEM32;C:\WINDOWS\WinSxS\amd64_microsoft.windows.common-controls_6595b64144ccf1df_6.0.26100.8115_none_3e075c82e3354f9c;C:\Program Files\Android\Android Studio\jbr\bin\server

VM Arguments:
java_command: org.jetbrains.kotlin.cli.jvm.K2JVMCompiler @D:\dafi\fida-new\fida-to-tranferv2\app\build\20260512_445720728890374857.compiler.options
java_class_path (initial): C:\Users\FATHI\.gradle\caches\modules-2\files-2.1\org.jetbrains.kotlin\kotlin-compiler-embeddable\2.1.0\988bf980588bbbcfa1ba19c1ffd7aa869b335a31\kotlin-compiler-embeddable-2.1.0.jar;C:\Users\FATHI\.gradle\caches\modules-2\files-2.1\org.jetbrains.kotlin\kotlin-stdlib\2.1.0\85f8b81009cda5890e54ba67d64b5e599c645020\kotlin-stdlib-2.1.0.jar;C:\Users\FATHI\.gradle\caches\modules-2\files-2.1\org.jetbrains.kotlin\kotlin-script-runtime\2.1.0\5909da8c57b75a117714ab0e348c86101b7a3284\kotlin-script-runtime-2.1.0.jar;C:\Users\FATHI\.gradle\caches\modules-2\files-2.1\org.jetbrains.kotlin\kotlin-reflect\1.6.10\1cbe9c92c12a94eea200d23c2bbaedaf3daf5132\kotlin-reflect-1.6.10.jar;C:\Users\FATHI\.gradle\caches\modules-2\files-2.1\org.jetbrains.kotlin\kotlin-daemon-embeddable\2.1.0\420bae1908e4a353f5b56c3c850d24d86367b25d\kotlin-daemon-embeddable-2.1.0.jar;C:\Users\FATHI\.gradle\caches\modules-2\files-2.1\org.jetbrains.intellij.deps\trove4j\1.0.20200330\3afb14d5f9ceb459d724e907a21145e8ff394f02\trove4j-1.0.20200330.jar;C:\Users\FATHI\.gradle\caches\modules-2\files-2.1\org.jetbrains.kotlinx\kotlinx-coroutines-core-jvm\1.6.4\2c997cd1c0ef33f3e751d3831929aeff1390cb30\kotlinx-coroutines-core-jvm-1.6.4.jar;C:\Users\FATHI\.gradle\caches\modules-2\files-2.1\org.jetbrains\annotations\13.0\919f0dfe192fb4e063e7dacadee7f8bb9a2672a9\annotations-13.0.jar
Launcher Type: SUN_STANDARD

[Global flags]
     intx CICompilerCount                          = 4                                         {product} {ergonomic}
     uint ConcGCThreads                            = 3                                         {product} {ergonomic}
     uint G1ConcRefinementThreads                  = 10                                        {product} {ergonomic}
   size_t G1HeapRegionSize                         = 2097152                                   {product} {ergonomic}
    uintx GCDrainStackTargetSize                   = 64                                        {product} {ergonomic}
   size_t InitialHeapSize                          = 266338304                                 {product} {ergonomic}
   size_t MarkStackSize                            = 4194304                                   {product} {ergonomic}
   size_t MaxHeapSize                              = 4248829952                                {product} {ergonomic}
   size_t MaxNewSize                               = 2548039680                                {product} {ergonomic}
   size_t MinHeapDeltaBytes                        = 2097152                                   {product} {ergonomic}
   size_t MinHeapSize                              = 8388608                                   {product} {ergonomic}
    uintx NonNMethodCodeHeapSize                   = 5839372                                {pd product} {ergonomic}
    uintx NonProfiledCodeHeapSize                  = 122909434                              {pd product} {ergonomic}
    uintx ProfiledCodeHeapSize                     = 122909434                              {pd product} {ergonomic}
    uintx ReservedCodeCacheSize                    = 251658240                              {pd product} {ergonomic}
     bool SegmentedCodeCache                       = true                                      {product} {ergonomic}
   size_t SoftMaxHeapSize                          = 4248829952                             {manageable} {ergonomic}
     bool UseCompressedOops                        = true                           {product lp64_product} {ergonomic}
     bool UseG1GC                                  = true                                      {product} {ergonomic}
     bool UseLargePagesIndividualAllocation        = false                                  {pd product} {ergonomic}

Logging:
Log output configuration:
 #0: stdout all=warning uptime,level,tags foldmultilines=false
 #1: stderr all=off uptime,level,tags foldmultilines=false

Environment Variables:
JAVA_HOME=C:\Program Files\Android\Android Studio\jbr
PATH=C:\Users\FATHI\bin;C:\Program Files\Git\mingw64\bin;C:\Program Files\Git\usr\local\bin;C:\Program Files\Git\usr\bin;C:\Program Files\Git\usr\bin;C:\Program Files\Git\mingw64\bin;C:\Program Files\Git\usr\bin;C:\Users\FATHI\bin;C:\WINDOWS\system32;C:\WINDOWS;C:\WINDOWS\System32\Wbem;C:\WINDOWS\System32\WindowsPowerShell\v1.0;C:\WINDOWS\System32\OpenSSH;C:\Program Files\Git\cmd;E:\Android\Sdk\platform-tools;C:\Program Files\nodejs;C:\Users\FATHI\.local\bin;C:\Users\FATHI\AppData\Local\Microsoft\WindowsApps;C:\dafi\Visual Studio Code\Microsoft VS Code\bin;D:\dafi\Antigravity\bin;C:\Users\FATHI\AppData\Roaming\npm;C:\Program Files\Git\usr\bin\vendor_perl;C:\Program Files\Git\usr\bin\core_perl
USERNAME=FATHI
SHELL=C:\Program Files\Git\bin\bash.exe
TERM=xterm-256color
OS=Windows_NT
PROCESSOR_IDENTIFIER=Intel64 Family 6 Model 165 Stepping 2, GenuineIntel
TMP=C:\Users\FATHI\AppData\Local\Temp
TEMP=C:\Users\FATHI\AppData\Local\Temp




Periodic native trim disabled

JNI global refs:
JNI global refs: 8, weak refs: 0

JNI global refs memory usage: 835, weak refs: 833

Process memory usage:
Resident Set Size: 147460K (0% of 16589132K total physical memory with 4458212K free physical memory)

OOME stack traces (most recent first):
Classloader memory used:
Loader jdk.internal.loader.ClassLoaders$AppClassLoader                                 : 25452K
Loader bootstrap                                                                       : 10189K
Loader java.net.URLClassLoader                                                         : 86888B

---------------  S Y S T E M  ---------------

OS:
 Windows 11 , 64 bit Build 26100 (10.0.26100.8246)
OS uptime: 2 days 20:12 hours
Hyper-V role detected

CPU: total 12 (initial active 12) (6 cores per cpu, 2 threads per core) family 6 model 165 stepping 2 microcode 0xe2, cx8, cmov, fxsr, ht, mmx, 3dnowpref, sse, sse2, sse3, ssse3, sse4.1, sse4.2, popcnt, lzcnt, tsc, tscinvbit, avx, avx2, aes, erms, clmul, bmi1, bmi2, adx, fma, vzeroupper, clflush, clflushopt, hv, rdtscp, f16c
Processor Information for the first 12 processors :
  Max Mhz: 2592, Current Mhz: 2592, Mhz Limit: 2592

Memory: 4k page, system-wide physical 16200M (4353M free)
TotalPageFile size 31356M (AvailPageFile size 57M)
current process WorkingSet (physical memory assigned to process): 144M, peak: 159M
current process commit charge ("private bytes"): 185M, peak: 365M

vm_info: OpenJDK 64-Bit Server VM (21.0.8+-14196175-b1038.72) for windows-amd64 JRE (21.0.8+-14196175-b1038.72), built on 2025-10-01T10:24:33Z by "builder" with MS VC++ 16.10 / 16.11 (VS2019)

END.
